7 40
97 79
72 88
11 83
34 57
34 68
9 93
77 35
3 74
97 50
98 46
9 68
1 81
39 78
26 58
98 41
10 16
67 52
64 75
96 13
18 63
37 97
75 82
7 30
3 96
15 97
69 67
44 31
95 1
43 6
13 84
33 48
53 73
93 40
14 25
37 53
65 60
13 39
21 27
38 97
70 36
72 93
61 80
35 83
32 91
27 4
44 6
80 25
49 70
19 69
59 69
93 59
14 84
37 49
12 83
48 79
90 23
43 71
77 1
26 79
54 73
8 28
65 46
32 86
13 83
50 70
3 6
32 64
58 37
9 35
14 4
19 7
81 12
59 65
40 32
59 72
28 59
78 83
X
56 62
15 95
72 38
7 23
8 82
98 45
93 42
43 8
53 26
63 61
95 63
4 42
63 44
45 0
75 76
9 58
50 27
93 6
64 61
33 86
95 42
20 17
32 89
28 3
30 82
76 89
42 56
4 74
24 13
88 86
63 57
28 61
65 23
53 40
57 62
17 92
49 54
24 78
96 55
64 44
7 75
30 67
70 67
0 22
82 12
90 58
76 64
51 96
67 2
54 0
75 54
91 96
15 25
31 80
44 8
36 22
97 65
61 16
79 83
70 98
62 48
9 71
64 81
73 38
35 68
85 24
65 81
13 8
45 10
97 13
45 31
12 44
71 36
14 39
91 58
32 59
78 1
96 63
41 19
54 26
30 87
22 81
88 77
54 24
68 52
94 19
45 8
85 33
49 66
64 85
31 29
60 72
69 2
4 72
18 92
26 13
55 24
89 86
52 45
32 29
46 10
16 52
89 77
59 37
28 4
6 32
82 85
27 79
66 60
27 46
63 48
22 2
12 91
73 93
83 12
74 17
96 19
49 79
76 54
75 17
78 89
8 2
72 55
62 80
64 12
13 22
94 62
81 10
97 63
69 47
39 74
37 22
54 76
87 53
66 21
66 46
90 86
95 62
57 2
67 46
95 40
36 68
32 24
13 91
51 70
66 9
86 33
81 83
14 55
54 40
94 6
97 82
87 92
77 54
76 17
25 90
73 5
5 18
72 67
82 9
35 57
79 82
83 25
2 81
66 93
90 14
17 52
19 70
84 25
X
75 28
10 71
36 57
85 5
37 68
55 73
62 16
73 55
8 75
13 44
54 45
89 32
80 3
66 23
75 71
90 53
34 58
63 80
20 63
91 53
81 72
40 74
15 22
0 47
55 11
44 9
59 17
62 65
31 87
71 26
78 54
64 57
88 25
3 90
80 68
65 57
70 47
18 44
43 16
11 93
33 24
18 45
12 77
94 69
9 65
56 24
50 59
98 63
26 37
98 82
97 19
14 77
18 52
55 76
23 27
50 41
3 81
19 52
65 61
5 42
81 68
74 55
66 61
39 47
76 76
42 43
47 10
92 53
7 32
35 58
46 31
39 18
55 50
67 60
55 26
89 25
6 74
70 29
23 96
10 88
63 65
83 84
28 79
86 24
72 26
81 3
98 79
79 89
96 62
12 93
10 33
72 33
11 16
86 5
76 67
91 86
2 19
95 59
98 65
16 97
64 65
0 64
66 65
30 28
74 39
73 26
33 15
95 91
50 91
82 83
19 45
58 25
51 27
36 61
63 16
62 30
24 27
49 5
3 31
92 96
15 39
81 88
33 62
71 29
93 53
72 36
22 17
9 82
7 18
55 45
6 72
66 85
70 42
34 38
25 78
83 9
64 48
34 7
50 66
40 18
65 75
10 75
12 16
79 39
10 35
60 37
8 42
15 4
21 70
87 90
65 44
51 59
67 23
94 16
70 94
46 8
19 92
40 78
60 92
31 28
56 81
21 34
85 75
21 20
61 72
73 88
80 87
66 57
18 73
61 37
69 57
77 76
56 20
29 78
68 23
97 62
42 19
22 70
52 59
51 41
69 23
89 97
14 16
41 74
21 63
83 83
77 28
15 84
16 25
46 11
15 11
54 59
47 31
63 30
90 25
46 87
28 66
21 73
66 48
98 13
95 6
8 97
12 33
53 66
54 70
58 62
90 32
70 57
65 7
22 34
94 53
95 96
94 81
1 94
33 91
14 33
3 95
66 7
91 23
29 66
9 40
15 33
3 19
90 77
15 16
6 79
77 71
54 31
34 24
66 75
71 94
82 10
67 21
61 49
84 9
22 63
67 75
71 57
34 36
55 31
16 84
63 78
56 15
20 94
58 66
16 77
9 42
65 30
57 31
17 25
62 50
72 29
96 59
59 62
16 22
48 34
19 44
87 24
62 37
23 84
88 92
96 96
94 58
58 31
83 10
4 31
11 71
18 25
46 43
84 84
55 90
25 93
32 28
41 18
52 96
2 80
7 29
82 35
11 68
20 39
96 91
81 94
51 35
31 35
25 27
12 71
7 72
66 44
26 90
80 26
96 15
55 59
19 25
67 16
15 55
43 19
42 74
26 84
60 17
44 19
52 41
43 32
62 49
66 43
60 62
73 36
97 91
2 64
44 16
68 60
32 0
23 81
38 53
30 78
4 6
59 3
51 10
53 51
8 72
91 14
97 55
3 7
53 41
35 7
74 36
56 73
26 98
27 2
40 68
24 11
56 45
60 66
63 37
37 61
21 39
58 15
45 19
23 34
11 35
10 42
0 51
62 31
34 62
56 11
43 74
0 56
39 23
27 13
5 31
58 2
92 23
26 85
8 32
32 21
40 84
60 3
25 11
20 45
79 54
17 77
16 11
8 86
38 61
60 22
20 52
22 20
1 47
33 28
16 33
7 89
X
83 85
63 31
8 29
75 55
44 32
81 26
91 25
7 74
9 72
55 0
8 74
43 56
55 14
36 83
89 75
69 56
10 72
37 83
28 2
78 17
7 13
57 45
52 35
52 10
34 15
97 1
4 7
74 38
28 46
65 31
95 58
69 52
0 14
16 55
78 91
51 79
79 17
67 44
64 95
40 1
38 22
57 11
57 77
56 26
65 50
27 12
31 63
34 76
32 35
42 18
46 19
9 32
38 83
84 85
10 65
96 42
23 70
35 15
84 10
61 62
78 18
75 36
54 7
47 8
57 20
34 48
81 17
77 64
78 67
4 95
81 54
8 31
64 37
41 84
88 8
28 8
97 58
X
64 80
57 24
47 19
58 24
51 91
45 80
78 71
74 96
52 79
47 43
X
66 22
9 97
29 46
4 81
95 53
46 80
32 6
59 15
12 35
96 40
72 85
13 71
90 75
54 51
89 92
41 78
35 48
69 92
36 48
78 28
35 38
74 5
82 39
11 65
34 86
67 93
34 91
40 53
70 56
4 19
59 25
98 16
66 20
1 56
91 94
36 58
70 23
81 87
80 89
14 71
43 18
22 39
24 70
12 2
20 10
66 81
53 27
48 19
66 50
24 81
10 40
9 86
24 34
97 42
29 2
48 6
56 14
84 12
11 42
87 93
16 5
71 42
34 64
35 64
78 90
88 95
98 62
45 32
93 23
51 21
71 56
4 38
44 18
21 3
69 46
65 95
82 3
80 82
3 64
49 34
81 18
70 52
4 96
72 52
55 40
42 84
92 14
73 29
46 9
19 96
66 30
85 9
30 46
17 22
67 61
54 41
73 52
11 40
2 94
10 74
5 3
35 91
20 32
84 83
96 0
49 19
41 90
17 55
4 64
47 11
62 62
30 2
33 35
69 20
50 5
96 53
23 17
36 64
61 66
41 23
81 89
97 40
83 3
25 81
25 70
86 98
72 56
26 81
79 28
21 45
45 93
87 33
55 70
31 67
62 66
69 60
78 4
X
88 24
74 29
68 75
67 43
12 72
57 86
68 21
74 93
58 45
88 33
75 38
38 49
5 5
10 58
10 82
11 88
65 80
33 59
5 95
73 85
65 37
94 23
43 78
36 7
41 1
32 67
98 40
48 8
85 83
61 2
41 68
60 69
39 49
5 7
50 19
21 52
59 89
88 90
7 79
47 87
91 75
75 52
33 67
0 63
1 51
35 76
75 13
69 65
11 74
68 93
57 14
34 67
23 39
22 94
32 63
22 45
23 45
37 57
12 42
12 88
16 4
71 97
55 41
26 14
50 54
2 47
64 78
39 61
69 97
17 11
24 45
15 42
9 87
94 25
72 20
58 11
31 46
21 4
12 68
40 49
14 68
82 82
31 37
66 31
79 71
71 47
33 89
39 2
10 29
91 77
68 22
64 62
40 85
53 96
50 34
85 84
33 63
25 45
82 26
2 51
35 86
19 77
73 23
4 41
1 63
66 80
83 39
27 81
95 75
17 98
65 4
18 55
45 91
74 6
84 72
86 12
85 10
70 92
22 32
18 1
68 44
73 56
6 3
23 50
93 77
67 50
23 20
80 71
13 93
44 89
29 79
85 85
14 83
96 75
82 54
60 6
26 27
22 73
5 64
68 43
0 20
48 74
98 42
36 76
23 98
24 17
34 63
13 35
14 93
1 43
11 29
8 18
19 5
82 18
32 37
50 6
67 80
66 4
67 37
11 82
22 52
77 52
16 95
16 16
32 87
18 16
58 14
44 53
70 22
31 3
89 33
45 53
72 10
28 13
59 70
4 43
20 25
44 71
43 88
3 94
32 46
55 51
0 60
56 51
97 53
59 24
37 58
35 67
54 27
67 48
56 90
23 94
46 32
39 58
12 65
27 85
29 19
8 13
30 79
14 35
36 63
58 73
43 75
0 66
51 54
78 47
41 85
93 14
19 55
85 72
28 12
20 92
73 10
89 24
45 18
1 14
34 28
40 47
82 94
4 90
17 95
48 95
19 9
71 92
95 25
89 8
51 5
65 51
4 47
35 28
23 52
68 81
58 77
79 91
16 42
10 87
41 47
71 75
66 51
86 10
59 77
42 68
15 93
21 25
15 35
41 58
8 79
67 30
76 36
68 16
14 65
15 65
1 60
68 50
77 36
30 93
88 93
80 5
5 38
39 22
12 74
37 86
6 38
5 43
67 31
7 3
26 70
30 66
17 97
38 86
52 34
25 34
36 67
19 16
60 25
22 5
70 65
42 23
59 73
70 60
8 23
69 81
11 30
68 61
20 69
40 3
0 59
21 10
90 33
76 13
9 18
95 23
78 64
15 83
38 57
72 42
96 25
15 68
75 29
78 13
67 7
91 33
92 5
5 47
75 6
3 80
12 40
68 31
92 33
63 66
76 38
11 58
98 53
49 74
45 94
0 76
56 41
73 20
73 33
40 22
34 89
75 93
80 76
40 5
42 47
78 52
14 91
94 10
40 57
46 53
79 1
70 43
3 51
43 84
93 33
48 87
21 69
96 77
33 21
37 6
35 24
72 22
69 50
2 63
55 27
69 31
90 72
13 74
18 95
87 12
16 65
13 72
24 97
74 20
31 79
56 27
4 12
10 18
6 81
51 19
2 54
42 58
37 63
33 46
69 80
34 46
61 15
92 86
39 83
33 37
97 25
47 82
57 41
14 72
47 92
91 72
0 46
30 94
2 56
24 39
6 47
79 0
21 55
81 98
15 40
3 54
2 60
20 1
37 12
67 51
49 8
38 63
73 22
X
44 84
31 82
74 56
11 18
15 72
71 80
69 44
42 85
53 84
17 42
57 81
77 38
22 4
41 22
40 2
1 76
37 64
97 8
76 55
82 68
79 47
68 48
10 86
78 38
98 7
2 76
75 22
48 92
12 30
33 29
23 25
88 12
42 57
16 35
84 94
31 66
74 33
95 10
37 62
22 55
4 54
23 32
54 10
75 56
1 59
74 16
4 20
79 90
55 34
71 60
84 3
3 56
37 67
89 93
35 89
73 1
6 20
71 44
90 24
74 23
26 45
57 27
25 17
96 23
46 60
71 65
4 80
88 26
23 55
37 76
41 49
7 47
82 87
16 68
78 36
54 93
20 30
54 84
79 36
21 92
44 56
9 47
67 9
90 95
67 78
14 74
73 80
20 77
75 16
X
65 12
71 31
35 36
82 98
47 53
49 87
27 45
24 55
6 51
59 11
62 72
76 29
69 7
36 28
60 70
76 20
1 46
60 73
3 60
28 81
84 39
45 56
24 20
61 73
39 86
25 39
87 83
43 57
72 44
28 14
66 62
39 63
82 17
7 90
5 6
63 72
24 52
30 4
50 8
69 48
82 5
50 74
36 38
17 35
81 6
32 82
71 0
34 37
X
12 58
32 94
70 50
79 38
28 17
79 4
17 33
72 65
74 0
81 47
74 85
6 54
30 81
41 63
30 17
50 43
4 60
11 98
18 22
57 76
75 85
63 49
39 0
18 42
11 75
74 88
5 96
44 78
60 77
97 23
70 48
47 80
4 78
25 20
73 44
82 38
42 22
61 70
66 95
77 93
82 47
75 65
67 62
58 81
5 78
90 97
76 56
82 76
56 59
56 34
37 48
58 34
15 0
72 60
65 34
41 2
51 95
6 78
68 30
86 85
58 86
37 28
75 44
59 45
31 1
39 38
18 33
21 31
26 11
96 10
46 56
95 81
31 81
55 84
6 6
94 33
28 85
54 96
70 81
1 66
68 37
80 90
42 61
27 11
77 55
26 20
52 19
45 78
84 38
35 29
88 3
68 12
43 63
3 76
17 68
21 77
67 4
5 41
18 97
47 32
69 21
27 84
5 19
90 93
48 53
7 38
42 49
82 8
38 64
68 51
10 28
23 69
62 70
40 38
7 54
9 79
19 22
62 6
32 79
83 17
34 21
38 67
43 58
63 70
45 58
55 98
51 43
53 19
93 5
17 65
34 59
65 70
69 37
52 54
63 3
22 92
72 34
32 80
12 98
2 66
12 75
28 45
45 89
27 70
12 82
20 44
47 56
83 87
17 72
73 60
74 60
25 55
5 60
33 80
67 95
27 20
93 32
73 34
61 11
74 34
44 57
2 83
64 66
13 75
34 80
6 41
46 78
2 14
77 20
96 81
39 64
47 78
33 79
2 46
70 14
75 60
71 48
83 35
71 14
39 67
26 39
77 33
75 34
18 72
71 50
19 65
10 97
26 55
92 94
57 59
18 35
98 1
60 24
32 78
43 64
22 77
44 63
35 46
24 69
6 80
73 42
77 29
40 86
97 0
13 82
59 86
72 75
66 70
19 42
10 47
14 8
68 78
64 3
X
4 56
45 96
21 44
87 84
94 14
69 61
22 10
70 21
41 5
21 42
95 33
84 35
53 54
16 40
98 91
6 60
76 44
35 21
28 70
70 37
18 2
23 44
57 40
71 81
76 42
21 30
71 2
72 21
23 30
29 45
71 46
69 51
23 3
19 35
7 41
1 92
59 2
7 98
34 87
68 70
58 98
72 31
92 72
74 80
38 76
49 53
76 85
46 58
5 14
88 84
35 59
13 88
42 1
72 57
82 6
36 29
37 29
83 47
51 3
43 22
24 50
78 96
68 62
23 77
72 14
40 83
80 36
37 59
72 46
78 56
81 36
91 97
5 12
20 65
77 44
36 46
72 48
69 30
3 66
86 35
8 54
70 61
21 1
84 17
9 41
83 2
97 10
30 14
84 47
11 28
X
48 82
84 87
5 56
46 96
59 35
23 92
39 76
63 45
65 66
35 37
84 36
1 24
75 23
78 55
41 3
3 22
9 23
44 75
12 18
47 58
64 45
71 61
79 64
32 13
14 2
92 3
43 61
93 3
26 10
45 63
89 83
22 1
50 87
71 51
34 79
62 15
38 29
32 81
76 34
6 55
15 88
89 90
50 53
65 45
35 80
58 59
7 60
72 61
48 78
61 24
42 3
49 92
10 41
10 60
7 55
11 47
46 63
21 65
79 67
51 8
75 80
6 46
72 51
76 80
44 22
8 3
96 33
47 63
63 15
35 87
80 67
69 9
45 75
98 25
42 2
49 78
96 47
85 54
69 70
83 68
63 6
48 11
19 95
36 37
20 35
44 1
2 26
59 59
6 19
41 86
69 78
82 52
25 52
23 42
72 3
66 45
97 47
80 0
58 40
53 79
20 95
24 25
8 90
36 36
36 21
91 24
68 49
96 14
78 44
4 22
74 10
16 93
97 33
69 66
9 2
20 7
7 78
76 60
46 93
25 50
81 71
36 87
52 8
79 55
2 92
73 14
27 27
78 23
73 31
56 8
43 23
70 66
73 61
54 19
53 91
94 32
66 98
97 15
56 84
48 63
77 34
77 60
53 87
7 19
65 72
37 46
55 93
76 65
88 35
16 89
6 76
23 73
14 82
23 4
80 64
48 58
60 89
68 95
38 46
42 86
84 52
49 63
85 39
29 39
75 0
19 83
95 69
24 3
48 80
3 59
25 69
78 20
20 9
37 37
83 64
29 55
38 28
39 29
13 58
2 24
18 40
84 68
76 22
39 46
80 91
98 14
54 87
36 80
20 22
45 71
85 36
87 71
62 24
71 37
6 64
1 15
97 81
57 96
73 75
79 96
56 98
19 33
55 7
89 26
38 6
98 10
86 52
61 69
62 73
15 82
96 69
69 49
6 14
3 15
59 27
91 93
13 18
3 26
93 24
42 38
10 23
43 47
61 25
26 69
64 25
7 20
7 51
47 64
27 69
85 38
57 84
31 17
9 54
53 43
2 10
48 32
60 27
21 22
32 66
82 89
32 39
95 97
69 95
23 1
17 89
86 87
50 78
24 30
45 1
52 95
33 39
51 74
28 69
72 37
40 76
54 54
11 87
73 57
37 80
85 68
22 6
6 12
33 13
64 91
50 63
77 66
25 25
62 69
89 35
54 32
29 3
41 76
44 61
34 39
21 95
11 60
44 97
43 38
49 60
50 13
18 68
12 60
7 81
81 91
64 6
70 49
79 44
83 5
21 7
57 98
60 40
7 64
73 46
71 49
92 93
70 70
3 17
98 33
41 83
86 38
43 68
89 38
82 91
56 0
48 64
76 14
8 38
71 78
0 11
44 38
26 25
57 26
70 45
10 54
45 16
58 76
8 81
4 59
65 91
34 11
19 72
88 68
26 34
74 46
98 81
7 12
61 40
78 34
24 73
44 68
87 54
23 6
6 95
38 48
42 76
62 77
98 47
88 52
24 77
10 13
9 12
2 34
4 26
90 92
43 76
83 82
29 85
45 61
37 21
92 0
73 37
97 96
32 93
0 48
44 47
72 50
42 83
7 46
22 22
59 26
71 43
20 33
12 86
27 1
90 38
38 87
22 65
8 51
38 62
72 45
61 27
62 89
70 7
50 60
3 34
3 24
4 15
5 22
6 7
49 56
6 5
73 51
9 51
51 63
51 60
63 24
24 32
6 56
44 88
46 16
77 46
3 10
24 42
28 27
5 26
12 87
89 68
55 10
72 0
15 51
5 15
83 91
72 49
1 11
47 57
19 68
8 19
49 80
79 34
88 71
2 48
46 94
32 14
14 87
33 81
76 16
20 83
25 32
20 96
38 12
94 24
46 75
97 69
49 58
46 1
90 68
77 22
91 38
43 29
20 16
39 96
7 76
16 71
25 42
7 56
4 34
7 26
30 55
87 87
8 98
43 85
39 62
2 11
8 78
13 60
88 0
46 71
17 93
75 88
24 44
80 55
83 6
79 20
45 88
79 23
21 35
70 30
45 47
47 18
12 29
40 67
46 89
80 4
72 70
80 44
16 88
81 44
63 86
33 27
12 54
62 27
69 93
73 50
80 23
25 44
3 83
85 44
4 17
98 15
8 20
34 35
84 82
50 56
47 71
46 38
25 77
93 72
39 6
34 13
16 51
52 63
33 94
31 55
51 56
62 11
55 54
0 82
89 85
12 47
8 64
48 18
6 15
53 63
78 33
93 90
1 98
26 32
64 24
28 25
8 89
26 77
13 98
15 74
45 68
3 11
8 56
80 20
73 78
56 10
48 75
75 92
63 11
4 10
38 80
14 60
77 80
53 21
45 95
84 6
74 57
78 60
6 10
8 80
81 67
38 59
74 51
79 13
65 6
33 14
82 67
92 38
13 47
6 22
21 68
93 93
21 33
58 41
78 29
81 20
8 46
47 38
53 60
76 15
29 96
66 6
78 22
58 90
47 93
55 87
53 95
77 15
88 87
3 63
12 28
71 30
73 70
22 33
13 54
13 29
53 56
50 58
80 28
52 74
32 55
62 40
77 14
9 78
89 71
74 48
14 58
94 86
47 16
7 15
72 7
94 0
54 79
74 61
4 66
84 64
78 46
43 83
79 56
48 57
26 50
63 40
36 39
89 12
65 73
74 37
27 77
86 36
98 8
41 12
30 50
74 50
22 7
17 88
32 17
73 49
60 26
29 25
5 59
26 30
72 69
89 84
72 43
51 53
54 74
34 14
14 54
69 62
37 7
24 92
39 39
75 57
56 32
63 27
33 55
80 56
7 22
75 50
7 6
48 71
7 95
27 10
63 77
30 69
76 50
9 19
6 43
79 60
44 29
93 92
63 19
98 69
91 68
10 89
9 81
57 74
74 43
74 49
76 92
9 20
50 92
5 34
93 38
15 60
64 77
26 42
16 60
42 12
78 69
73 45
17 60
25 3
64 27
39 80
70 62
55 63
90 84
46 61
78 66
60 59
79 22
49 71
59 41
27 42
79 66
4 48
90 85
5 48
29 90
15 21
40 6
30 25
56 63
74 78
12 78
66 72
81 22
39 28
39 48
47 61
73 3
54 56
23 33
63 2
95 32
58 84
97 32
56 54
92 68
50 71
26 44
54 43
11 41
13 78
61 8
27 44
48 16
11 23
19 40
86 94
18 82
39 87
95 92
82 22
13 28
15 87
66 25
57 32
14 47
81 56
78 93
66 73
73 21
28 44
20 40
21 87
15 8
75 78
8 15
44 28
75 48
24 33
42 90
83 22
3 92
34 17
93 68
62 8
75 61
31 50
80 66
80 60
47 94
63 98
25 33
25 92
22 68
77 50
74 70
83 89
15 18
30 19
23 95
60 41
90 83
90 12
73 62
9 56
32 92
6 48
51 71
39 59
40 59
84 2
40 39
52 53
7 48
84 89
67 73
11 13
53 13
41 59
16 8
X
38 36
84 22
10 19
76 61
68 77
53 53
26 33
68 96
76 21
39 36
91 26
62 26
40 36
81 23
54 91
60 35
89 39
72 94
73 97
61 59
23 65
40 46
75 49
30 42
62 59
91 83
85 64
81 1
41 46
44 83
47 23
23 83
87 4
28 34
95 26
90 35
16 18
10 12
9 80
8 26
91 35
45 83
83 20
77 61
86 44
8 76
66 24
48 68
45 22
30 90
64 19
75 43
81 60
21 16
52 3
8 43
25 6
91 84
80 15
72 30
8 55
86 64
51 58
38 7
22 72
49 64
74 31
91 85
90 71
16 21
35 66
14 86
94 38
72 2
81 90
78 50
36 15
92 35
82 88
37 15
42 67
27 33
97 26
15 47
8 10
58 74
45 85
67 72
83 60
84 20
35 79
95 86
61 17
77 48
11 19
45 12
80 48
73 94
59 74
77 78
28 84
18 98
76 51
73 2
34 81
79 69
9 26
77 16
27 30
43 49
75 31
83 8
45 28
35 17
61 35
61 41
14 28
75 37
28 33
52 58
94 72
47 1
74 75
92 85
14 75
40 7
80 96
50 64
95 87
39 15
43 86
40 48
85 17
94 3
62 41
55 56
22 35
64 40
26 3
73 7
81 0
46 47
98 26
54 60
9 38
66 91
64 89
77 85
85 22
77 37
71 77
75 70
29 34
57 63
36 66
21 9
34 55
9 64
78 61
7 5
35 81
51 64
65 89
17 71
50 80
77 92
41 7
9 3
59 76
4 11
5 17
44 76
73 77
63 26
16 74
12 41
4 1
79 93
76 49
85 6
32 50
20 71
74 7
77 31
22 9
55 60
10 26
97 87
11 26
41 36
8 6
78 16
52 64
15 54
79 50
83 88
29 33
31 90
24 83
8 22
82 56
18 88
77 42
43 67
53 64
23 22
96 92
39 37
10 56
21 71
9 90
12 38
36 81
62 35
63 41
40 87
46 4
90 39
33 92
49 4
48 94
52 83
6 96
64 41
48 23
31 42
86 2
2 27
66 94
76 70
44 49
32 25
36 17
33 50
81 28
9 76
76 43
5 66
4 27
30 33
80 34
31 69
30 85
49 18
29 44
12 56
17 18
9 15
75 7
18 21
49 61
80 13
10 64
94 68
57 54
53 58
27 73
22 31
59 81
98 92
60 76
43 7
84 76
65 41
41 39
X
96 86
15 58
87 64
81 34
82 51
86 9
76 57
33 82
26 52
85 82
45 86
91 12
24 22
80 14
84 60
34 92
80 61
87 17
43 36
70 97
56 56
13 38
36 24
17 4
82 34
26 6
33 25
18 60
73 30
47 47
1 82
45 29
88 17
65 59
16 54
77 70
28 73
86 6
55 58
47 89
78 70
71 95
15 28
7 14
25 22
77 49
51 80
42 39
80 98
37 81
30 34
78 21
89 17
67 25
91 39
81 13
82 66
79 29
59 90
93 35
76 88
69 73
89 52
48 38
36 55
13 26
18 54
30 45
31 19
14 80
96 84
X
12 23
88 54
78 78
53 83
94 90
45 49
66 41
37 35
66 59
35 13
68 25
77 88
16 47
42 48
83 66
34 82
73 98
46 91
51 92
57 87
84 66
38 81
74 77
51 6
77 65
94 35
11 12
9 98
78 80
18 89
82 42
27 65
9 46
38 66
49 75
60 74
49 82
47 85
17 8
50 82
64 86
10 46
82 15
46 20
97 86
16 28
24 35
49 23
36 79
12 13
48 47
75 77
32 42
35 14
47 22
0 93
83 4
79 49
83 18
50 61
55 91
80 49
27 52
28 77
15 75
19 82
29 73
37 13
76 77
54 95
81 55
46 49
87 6
41 62
46 28
33 42
49 16
43 48
14 38
96 72
54 71
19 60
84 18
33 69
42 80
13 56
5 94
0 9
27 32
46 88
14 26
45 76
27 6
88 44
14 56
6 59
43 39
38 13
97 72
84 61
82 1
17 51
95 90
15 26
90 52
56 7
45 48
30 44
44 46
44 67
95 68
58 32
78 92
4 2
8 48
9 43
88 64
1 9
6 66
63 8
86 20
83 48
95 24
70 73
64 11
66 27
93 94
24 72
79 33
19 88
97 84
13 13
0 73
40 15
7 66
59 54
46 12
10 2
42 62
19 54
65 11
83 34
5 11
X
95 38
37 17
37 55
86 15
82 55
74 45
11 64
69 25
79 46
35 82
16 58
47 88
52 5
10 15
29 77
48 89
29 65
13 41
36 91
41 15
81 93
44 39
91 95
56 79
17 23
21 47
25 97
84 4
73 81
14 29
84 91
92 39
85 18
28 32
94 93
57 79
65 40
79 7
79 21
30 77
74 2
88 6
48 28
83 56
54 64
40 37
31 70
78 37
67 24
37 79
16 26
24 98
20 60
52 82
12 64
34 69
70 9
15 38
79 57
20 54
80 7
60 54
45 67
93 83
2 82
10 76
2 9
89 64
56 58
31 34
8 66
91 52
57 10
68 41
35 42
58 79
84 56
95 85
87 9
29 8
61 54
63 58
7 94
83 28
81 49
32 77
64 58
63 54
89 54
85 60
47 9
74 62
17 75
95 48
45 39
48 88
79 31
3 9
96 48
79 37
71 9
46 76
32 19
7 17
87 20
36 82
80 57
67 94
6 34
90 54
79 70
50 23
94 94
29 0
80 21
34 27
26 97
9 66
46 48
43 5
20 97
21 40
57 7
84 34
22 47
61 92
41 37
71 25
58 63
11 15
42 59
55 43
17 26
87 18
77 43
57 56
5 27
11 46
11 76
18 51
47 49
85 61
37 82
68 4
74 30
81 14
75 75
21 54
32 65
70 27
84 51
24 88
24 47
96 68
16 91
36 14
44 62
33 65
86 61
4 9
47 20
96 38
97 48
81 57
45 62
86 82
95 3
87 94
55 71
84 28
25 72
86 60
80 31
24 9
65 19
49 85
34 50
41 81
31 33
76 75
56 71
40 24
X
49 38
5 0
61 74
92 12
98 48
2 98
17 58
96 3
7 59
19 51
96 24
42 15
57 71
98 32
71 73
85 56
33 19
20 51
46 39
53 5
88 89
84 67
X
85 28
88 98
14 78
36 89
81 7
9 48
36 42
34 25
88 94
80 29
35 73
4 63
19 21
86 56
49 88
7 92
18 26
53 82
38 55
74 94
85 43
29 84
50 38
65 32
10 3
79 16
51 23
43 15
98 87
65 86
11 97
68 11
9 10
5 9
59 63
10 90
89 44
22 16
67 59
17 74
42 37
56 95
40 13
16 0
38 79
89 20
85 76
50 75
66 86
87 28
39 55
47 39
87 56
92 89
72 95
37 1
35 25
18 74
86 76
40 96
15 56
82 7
98 84
86 22
28 30
12 19
16 29
88 4
28 52
85 34
21 60
72 73
12 79
36 44
31 45
33 93
77 77
80 33
19 89
14 13
62 92
48 49
49 28
91 54
44 36
10 43
58 71
29 72
4 24
43 2
39 79
96 90
66 19
67 40
59 7
37 44
84 88
91 71
29 52
85 91
22 60
49 47
15 41
61 76
90 44
26 9
50 88
63 1
81 16
19 23
3 49
35 65
35 11
0 70
40 55
92 44
95 83
51 75
69 24
53 6
72 19
85 67
15 86
18 18
82 13
20 23
56 43
74 97
86 43
48 39
29 6
53 1
82 57
71 27
65 54
72 27
73 19
78 11
59 84
33 78
97 68
10 20
55 83
69 59
87 76
87 22
34 19
83 57
13 46
87 82
46 29
27 9
49 94
97 38
8 94
68 40
11 43
87 51
96 83
90 20
11 89
80 50
56 60
82 96
45 46
16 56
30 52
56 93
9 6
28 10
45 36
79 78
88 56
59 79
41 55
23 16
87 67
82 16
69 35
88 82
1 70
6 9
1 73
87 91
87 15
79 92
13 81
8 14
17 29
98 38
94 9
50 28
22 40
43 55
70 35
16 41
20 82
62 17
38 35
23 60
62 76
14 3
83 16
88 43
15 78
25 83
84 8
34 77
48 93
33 52
19 75
34 78
72 86
52 80
18 91
5 49
37 91
73 27
85 66
60 84
50 47
98 0
92 20
48 2
12 15
18 11
14 79
66 32
25 47
42 81
3 39
19 91
6 49
52 92
74 95
X
3 16
97 24
49 11
1 88
17 56
97 83
90 60
93 89
12 12
28 20
86 4
36 11
91 60
1 69
32 70
9 22
24 16
23 40
49 2
84 57
13 64
77 75
97 90
47 97
93 20
79 11
87 66
69 41
24 60
75 45
43 90
46 46
1 85
40 79
51 78
44 55
10 48
81 29
54 80
32 33
65 58
19 11
47 29
0 96
74 1
41 79
89 76
92 54
2 88
61 71
35 50
6 24
82 49
54 53
2 73
70 59
43 3
19 74
54 88
5 8
41 6
1 93
21 91
45 55
34 52
78 95
71 59
81 50
85 8
37 14
81 21
2 1
68 72
15 2
55 53
80 77
87 5
64 26
37 52
7 49
38 52
29 10
73 73
63 92
0 53
37 50
36 25
78 45
45 90
12 43
56 83
36 65
12 76
87 36
70 72
44 15
58 96
74 27
72 59
88 66
20 38
2 69
33 95
51 47
38 21
33 33
32 45
35 69
37 73
12 9
90 61
41 87
88 67
48 22
9 49
43 81
83 49
39 35
91 76
48 97
18 43
23 31
94 20
57 64
35 94
60 81
54 28
69 40
82 93
32 85
47 46
57 83
46 36
83 1
93 12
39 66
22 87
11 20
37 89
13 19
87 57
37 11
98 96
33 70
51 38
49 89
79 95
62 74
3 93
34 33
70 12
89 56
66 26
9 14
46 55
35 33
56 91
47 55
56 88
49 39
89 28
2 70
74 59
20 75
5 63
68 26
89 82
70 41
47 12
33 85
89 66
8 17
65 74
38 50
3 70
22 75
90 82
38 14
48 90
50 57
81 31
58 64
25 7
2 33
88 49
55 28
90 56
98 35
4 16
98 86
8 95
37 65
51 57
13 12
60 63
19 18
59 64
56 28
43 80
66 74
39 52
52 78
71 72
84 37
24 31
50 39
44 81
76 30
78 65
58 10
41 96
66 54
44 7
39 14
93 39
39 50
41 66
6 11
74 98
57 60
42 87
29 30
40 52
90 66
48 12
10 49
15 13
74 73
82 23
73 72
16 86
83 13
17 28
38 65
72 40
4 83
65 96
82 21
93 54
33 72
75 62
88 57
86 88
66 58
69 74
38 17
81 80
48 55
89 43
54 94
10 24
85 37
40 14
67 58
6 36
29 20
64 76
74 86
14 64
92 60
23 5
50 85
10 66
26 22
90 43
36 19
19 43
9 94
12 20
66 2
80 78
72 25
3 88
83 7
56 53
41 14
91 56
69 58
18 29
6 27
48 46
94 89
58 60
4 39
89 57
72 9
46 37
25 31
14 12
1 53
89 49
61 84
16 64
37 42
36 33
50 4
52 38
3 73
52 47
11 24
67 32
60 64
54 13
49 22
70 24
10 10
57 93
23 26
70 58
90 57
81 92
78 85
52 57
74 81
83 98
67 54
11 48
28 16
51 61
82 14
70 74
30 20
2 53
13 15
22 54
81 78
93 60
83 96
3 84
95 9
95 89
50 18
75 73
88 27
26 7
80 95
36 69
94 61
54 5
15 79
92 56
95 44
22 71
23 68
53 57
95 61
20 18
7 27
52 61
87 1
23 54
7 96
67 91
74 19
92 28
95 49
55 94
39 1
37 19
15 98
38 42
84 7
62 71
57 53
48 20
77 30
96 44
35 93
76 62
58 83
25 88
46 62
53 3
94 60
88 22
63 71
35 77
75 10
89 67
71 58
25 26
X
11 66
74 40
64 8
40 17
49 97
5 83
86 34
91 57
85 42
90 64
1 61
5 39
66 8
47 86
71 74
55 13
12 66
72 74
3 69
37 33
57 43
97 17
11 90
6 63
89 22
8 92
69 26
58 53
42 79
13 76
87 37
59 53
38 11
80 11
26 26
25 5
33 45
47 36
49 46
53 47
51 39
57 28
50 46
93 71
30 16
32 34
8 34
63 17
47 67
98 24
61 64
96 2
36 93
14 15
47 96
14 66
20 11
73 74
60 90
75 59
28 1
47 91
77 62
87 88
22 91
81 95
92 64
38 44
53 38
34 70
46 3
52 39
66 96
55 38
85 31
83 14
49 68
79 65
94 12
29 1
0 97
63 84
81 77
58 93
71 12
52 75
50 22
95 93
80 97
3 53
47 76
4 70
54 82
39 65
16 13
48 36
24 54
47 37
7 11
35 70
92 4
34 45
81 11
91 82
37 25
88 91
41 0
57 88
15 19
42 14
83 29
63 53
58 56
15 66
3 85
48 67
69 4
20 29
78 75
15 80
52 23
7 36
3 98
84 29
53 23
20 21
87 34
51 85
57 95
97 44
85 11
82 80
59 10
28 51
84 98
62 64
82 78
37 93
51 18
88 36
90 67
89 36
37 30
79 62
75 81
49 20
76 81
62 79
61 63
53 75
79 45
10 14
87 42
85 29
57 94
54 61
16 19
4 73
85 55
3 33
54 23
54 6
51 22
45 52
6 39
55 1
12 24
59 83
98 61
17 41
88 18
49 55
89 6
48 37
46 52
57 91
8 27
94 39
50 68
68 32
97 49
39 33
10 73
63 79
15 3
22 18
74 74
12 48
4 53
0 87
56 38
51 9
53 39
36 92
21 82
90 36
13 48
59 28
85 7
41 13
49 36
80 46
16 78
29 32
58 43
26 47
96 20
11 10
97 20
9 92
86 7
59 93
44 5
91 36
95 71
1 96
80 75
73 9
64 63
50 89
93 56
96 39
88 15
10 27
8 36
26 31
45 7
74 41
67 98
64 84
89 5
24 40
93 28
66 3
1 91
59 56
38 30
27 47
88 51
75 86
49 67
2 97
97 3
83 21
87 2
75 74
23 71
94 56
95 12
21 11
7 39
3 97
95 56
49 37
54 18
11 14
86 55
48 52
12 10
54 3
68 91
16 80
4 85
9 36
48 3
65 63
69 6
67 79
33 34
44 59
21 96
52 46
52 85
18 41
89 18
40 42
9 59
11 49
38 93
93 76
86 11
23 91
36 94
25 75
53 92
54 39
38 91
13 10
31 20
61 10
61 90
88 42
15 15
81 45
93 4
84 13
48 29
21 38
24 4
12 97
35 95
35 78
83 80
55 39
43 14
20 74
17 64
6 83
64 2
75 40
5 53
81 46
45 81
55 6
81 75
76 2
25 60
9 96
2 61
9 55
76 40
98 17
96 9
25 35
54 47
0 21
58 94
91 27
26 60
41 24
77 40
36 70
35 27
11 73
5 70
92 82
97 12
27 31
40 33
49 52
95 98
81 74
40 35
92 36
28 47
36 27
92 27
23 18
65 84
77 10
21 74
24 18
4 93
92 2
96 56
51 68
82 0
26 75
88 88
81 97
41 65
82 65
24 89
66 89
65 76
14 76
64 71
98 12
26 35
96 85
52 22
57 38
58 38
40 50
97 56
79 40
36 78
78 30
49 29
83 78
19 46
68 79
25 40
1 18
62 10
X
82 77
38 82
37 94
76 41
24 87
26 40
35 45
80 69
29 35
37 27
5 69
87 55
9 34
27 75
22 38
25 54
97 39
38 92
59 88
18 64
63 64
2 91
20 43
29 51
98 44
21 23
42 65
17 19
46 7
89 15
32 90
3 21
53 22
82 50
66 63
30 32
5 93
58 91
89 51
86 31
83 23
10 59
10 94
87 11
44 80
20 28
13 24
52 16
19 19
10 62
88 11
22 21
68 63
27 40
14 24
48 76
43 79
95 94
20 98
95 27
53 16
28 40
54 22
60 83
83 74
89 42
45 15
84 74
19 41
85 13
38 25
55 23
7 83
61 56
92 88
93 82
38 19
56 1
74 9
93 88
76 86
50 55
93 64
6 70
94 28
53 46
88 55
56 5
21 43
22 23
77 2
28 31
96 93
55 47
40 11
82 46
85 74
88 34
91 43
21 98
37 70
73 25
54 57
39 30
31 16
8 7
65 71
10 92
36 77
84 80
53 78
14 48
10 36
39 92
71 1
6 53
84 21
44 14
18 56
38 73
14 10
0 57
50 29
61 83
11 62
59 87
86 74
39 25
28 9
22 74
81 69
4 61
43 30
24 91
23 21
40 44
92 43
93 43
75 94
57 13
65 53
30 51
16 66
91 67
83 65
98 3
6 61
38 77
18 93
59 60
12 62
30 8
12 89
7 9
42 66
94 43
47 62
23 23
22 29
19 64
60 28
13 62
23 38
43 66
0 13
31 0
64 64
15 48
10 34
28 26
29 40
12 73
51 89
56 82
19 56
27 7
21 41
4 84
31 8
12 96
46 15
12 14
63 43
56 47
16 15
70 26
69 91
32 16
83 46
24 23
44 79
86 13
56 39
41 44
93 36
24 71
11 94
74 72
54 78
14 81
25 23
89 0
29 26
3 91
24 86
77 41
52 9
38 70
16 48
40 69
26 5
26 88
69 96
75 9
17 15
42 92
55 57
26 83
69 63
5 84
92 67
44 66
30 84
57 82
1 57
67 3
49 3
29 31
94 36
79 41
97 85
52 4
41 69
23 74
7 53
48 7
43 24
28 75
54 92
8 53
94 4
9 17
11 27
92 57
48 86
53 97
49 90
25 86
20 64
17 13
41 17
29 9
18 15
87 31
82 75
8 39
76 19
12 94
11 34
30 40
50 20
54 16
66 53
37 45
19 15
89 55
39 19
71 24
46 81
55 22
47 15
X
56 22
27 5
51 29
80 70
30 10
49 86
36 95
11 36
8 9
34 72
91 66
28 60
15 6
23 29
35 84
37 78
7 63
36 84
50 52
1 87
18 8
93 57
87 74
82 69
5 91
97 9
87 96
85 65
89 37
49 76
17 78
72 58
11 17
68 3
98 89
94 76
92 66
94 54
66 76
59 82
95 36
51 55
41 50
42 69
15 24
12 49
4 21
81 70
22 41
67 8
93 2
31 40
2 57
15 76
67 76
55 61
3 57
32 40
41 35
32 32
26 54
42 17
30 0
61 93
34 34
94 57
5 85
86 80
45 66
62 7
17 66
32 26
88 96
44 24
20 56
59 94
89 34
90 15
41 42
43 33
28 5
57 39
27 22
98 85
65 92
65 64
25 18
88 80
34 40
9 57
97 36
66 92
64 43
93 66
57 9
23 41
50 12
35 40
47 24
23 28
82 92
43 17
66 71
70 6
90 55
70 13
83 50
90 22
51 52
44 33
42 42
68 94
33 32
20 46
19 8
87 13
39 10
77 9
57 47
54 75
89 91
43 65
53 85
70 4
61 94
93 67
50 36
55 16
44 65
49 49
13 9
24 74
66 84
83 62
42 50
16 79
72 24
50 2
21 97
60 88
7 85
45 14
38 89
91 51
82 40
38 94
16 6
59 91
18 13
55 21
78 2
85 78
83 93
21 56
97 66
17 79
13 49
60 91
41 21
98 66
58 39
82 70
60 0
86 65
59 39
62 56
12 59
8 63
11 92
63 56
39 77
61 91
86 21
84 16
86 45
57 5
58 18
32 88
90 37
95 54
58 9
9 39
2 87
7 84
3 82
3 87
39 89
26 18
61 28
18 79
7 70
2 25
90 34
55 78
30 60
79 2
70 63
50 37
14 49
83 70
32 20
58 47
50 90
28 22
92 34
83 92
71 35
30 31
22 56
54 46
24 28
25 28
98 49
39 70
15 12
77 81
86 78
45 33
0 86
78 9
85 98
89 74
52 29
50 86
60 1
12 17
43 50
X
15 49
31 60
95 43
56 21
65 87
6 8
68 54
95 88
55 55
13 20
71 63
8 70
12 36
16 76
30 6
70 96
24 41
22 43
78 88
0 67
84 50
39 73
63 10
93 34
59 47
42 21
87 16
42 44
43 35
84 70
85 41
47 81
16 24
16 49
46 95
69 79
26 74
42 13
56 55
95 76
6 93
21 46
24 29
50 11
0 45
61 81
86 29
53 52
59 18
39 91
53 29
61 38
5 1
41 77
89 1
73 58
56 23
44 30
11 53
1 86
96 54
1 67
7 61
45 44
20 19
91 55
32 60
88 13
43 21
94 64
13 96
44 42
26 86
71 79
96 76
12 90
73 79
89 96
90 5
91 37
76 0
56 61
88 16
84 62
19 76
10 61
62 38
12 27
85 70
2 18
2 50
25 87
24 21
47 95
89 16
74 58
98 67
38 27
95 57
90 91
34 26
91 91
96 43
67 71
1 13
43 13
12 61
40 73
31 31
44 21
75 98
39 93
64 17
14 62
89 80
15 62
45 5
77 86
32 51
88 31
42 25
4 37
8 85
82 95
16 12
53 0
98 39
85 50
69 32
54 85
4 33
60 82
38 45
14 20
64 38
86 46
92 51
32 1
13 17
45 42
23 56
69 3
87 29
42 77
2 68
83 69
46 42
69 54
91 6
37 34
90 74
76 73
48 15
30 9
X
60 18
47 48
36 40
2 67
53 68
13 27
67 53
23 43
17 81
82 97
29 22
26 23
91 22
92 6
63 93
10 39
5 21
17 24
75 1
30 75
25 41
68 53
27 23
50 49
65 38
72 63
28 41
93 51
77 73
3 68
53 36
96 51
17 80
93 29
48 48
87 78
25 29
75 58
85 62
14 61
12 53
54 36
93 22
63 18
76 72
35 26
60 39
63 82
72 35
44 35
84 69
58 23
45 35
78 86
55 68
24 43
72 12
74 35
56 46
59 23
91 15
28 71
53 4
76 98
86 8
10 57
79 86
12 34
61 39
56 78
45 21
37 84
52 89
80 86
53 67
62 28
14 14
15 61
20 76
90 1
3 25
36 16
73 24
16 61
45 30
79 73
86 70
94 34
46 30
25 21
40 82
43 25
10 55
7 8
51 90
55 36
17 61
54 29
61 88
36 26
92 37
94 22
47 33
87 45
84 95
38 34
51 2
63 28
9 85
29 41
29 98
11 57
60 60
53 11
41 11
96 27
96 64
93 11
35 72
57 55
3 67
11 39
21 62
64 82
66 64
97 51
0 77
31 75
2 13
55 29
56 36
89 31
46 66
46 35
46 5
55 92
97 64
5 2
30 97
4 87
30 41
1 45
94 2
62 83
29 71
80 2
90 21
5 37
6 37
64 18
13 53
90 42
X
10 63
18 78
92 15
40 45
58 55
92 55
34 32
67 92
20 15
26 21
74 24
28 23
45 50
33 51
53 89
46 44
14 90
47 30
39 72
29 23
21 19
56 68
71 53
88 45
1 77
72 32
94 11
47 35
17 12
33 20
50 76
30 54
78 19
21 61
52 2
32 75
87 8
97 54
92 95
47 21
89 69
56 57
98 88
65 82
34 85
75 24
7 21
87 70
72 53
51 20
40 89
14 27
76 59
33 60
29 74
16 27
98 64
53 2
62 39
33 75
25 43
68 92
0 65
20 2
81 73
60 23
56 92
9 9
41 91
15 14
56 85
52 20
16 10
34 51
79 9
75 35
73 63
43 69
91 1
57 29
57 46
68 76
47 42
19 78
84 23
77 59
20 8
20 4
48 42
74 63
26 29
18 58
17 49
5 16
46 50
78 24
4 97
64 5
91 74
96 71
30 74
98 54
8 8
78 59
22 61
48 24
29 47
53 12
0 55
96 22
54 52
41 93
14 59
19 79
47 50
54 12
62 90
54 89
83 77
4 25
74 3
10 85
31 74
59 29
13 7
34 60
64 90
58 95
11 85
1 55
79 30
2 77
78 81
32 54
88 7
79 19
57 61
3 77
2 45
87 41
92 74
40 19
73 32
54 4
93 80
59 55
60 47
21 64
58 46
24 56
42 11
53 20
35 51
76 94
62 81
87 50
31 41
43 92
42 6
74 79
10 9
9 95
23 82
96 94
60 55
48 96
53 37
4 67
87 95
3 50
54 20
49 7
63 83
30 47
43 77
81 19
44 25
48 35
89 45
78 10
64 56
32 71
61 1
44 17
64 28
49 15
49 24
57 68
45 17
88 50
76 12
84 92
49 35
17 48
62 29
41 70
44 13
35 60
67 89
45 25
44 77
15 59
22 64
39 34
13 94
82 86
93 37
67 84
28 7
90 45
92 91
42 96
46 65
98 57
84 86
35 41
39 27
64 98
75 63
75 79
22 62
15 90
18 81
81 30
2 55
5 98
16 14
19 66
84 14
0 58
35 9
61 9
35 75
68 84
59 95
12 95
85 30
21 76
5 67
49 42
44 92
14 9
16 3
6 16
69 64
47 65
10 1
89 13
11 63
41 45
68 89
37 16
45 77
55 80
79 59
3 18
91 21
35 8
76 63
71 13
95 28
39 54
51 76
40 40
4 4
83 73
98 43
84 73
64 10
48 62
97 27
41 94
84 77
38 84
66 87
6 69
70 54
97 22
97 71
50 42
97 34
64 39
14 57
57 57
25 89
26 89
44 69
30 23
36 51
0 72
22 48
11 1
37 96
38 16
58 68
95 37
41 40
50 35
94 29
49 62
89 98
8 84
67 87
90 18
9 69
46 77
97 93
24 49
94 5
X
25 56
93 74
13 36
55 89
77 12
69 8
45 59
42 45
51 48
15 57
9 70
76 1
43 72
4 68
59 36
58 16
48 81
55 4
98 22
19 93
26 43
48 65
57 22
90 13
6 67
7 16
55 67
74 25
65 5
49 93
59 57
49 81
1 0
62 91
65 88
69 98
85 23
42 93
29 56
71 8
91 42
88 70
54 2
6 33
51 42
25 62
14 53
31 23
18 12
12 92
31 98
16 57
55 75
30 1
22 98
41 73
7 37
34 20
51 62
63 9
10 98
20 66
21 66
22 66
62 47
38 8
30 56
31 47
84 40
35 20
8 37
0 52
1 90
3 55
19 13
3 40
36 60
1 52
88 46
21 15
X
38 75
66 5
70 91
4 82
56 6
91 13
52 48
27 89
17 57
40 34
31 97
79 24
74 32
14 36
3 86
71 76
24 38
95 29
66 88
9 84
96 37
31 56
7 67
4 77
1 23
5 50
10 70
7 91
85 73
47 72
16 90
56 67
52 25
41 89
71 91
90 16
80 59
37 90
25 91
52 62
20 13
15 7
14 17
8 67
11 67
8 21
43 73
86 62
78 12
90 31
5 25
87 98
27 28
16 53
52 15
59 46
2 89
28 18
68 71
50 81
5 4
18 80
53 48
41 27
9 21
20 80
70 64
48 33
18 53
37 51
85 77
19 53
23 36
28 21
95 4
37 26
11 84
65 83
36 20
65 39
76 79
1 44
58 61
25 36
82 90
91 7
12 63
98 34
46 17
94 82
57 75
69 71
41 54
55 12
76 58
48 30
77 94
43 54
98 93
77 63
20 78
54 48
75 32
73 53
79 81
92 13
85 40
32 98
2 28
15 20
6 77
13 34
66 82
59 68
3 45
95 95
81 33
X
32 47
71 96
17 90
16 59
30 22
49 50
97 2
35 32
27 43
67 5
60 57
66 39
34 56
91 45
94 80
44 40
96 29
90 62
36 0
12 67
13 92
43 93
36 41
50 50
77 58
43 11
19 12
93 55
88 65
61 46
42 89
46 14
86 30
91 62
98 29
77 3
74 91
72 8
64 9
46 40
6 25
11 21
21 78
61 23
66 17
65 10
95 5
23 61
60 2
2 23
60 36
24 48
57 67
29 18
47 73
82 19
61 60
92 42
40 10
29 83
48 91
7 25
2 52
78 3
47 69
25 66
11 2
41 8
22 11
71 54
19 67
38 51
91 31
62 23
67 88
85 86
97 94
1 58
25 48
18 90
1 65
45 45
70 71
39 75
37 41
59 61
42 70
89 41
4 13
77 32
35 56
72 4
95 0
72 13
42 91
70 93
56 3
14 92
90 41
18 14
19 24
24 61
77 72
55 52
65 98
4 88
34 0
22 15
95 82
37 60
35 85
65 18
47 77
22 80
2 58
70 3
43 87
33 88
4 55
92 21
71 64
46 59
4 44
20 53
3 58
21 53
95 80
73 8
89 65
20 93
78 63
47 40
25 49
69 89
28 43
49 30
22 53
21 13
3 52
64 1
24 82
36 56
89 46
91 41
30 18
29 5
63 23
37 20
4 0
57 78
66 10
83 19
32 23
60 68
33 31
78 58
23 64
1 30
49 65
63 91
67 38
38 41
70 89
86 40
83 97
10 69
84 19
38 26
5 88
72 1
59 16
82 81
19 90
43 10
22 46
50 65
66 90
96 28
2 65
56 4
20 24
23 15
4 86
71 71
24 68
40 51
63 47
44 27
4 58
47 44
73 4
51 65
45 51
91 46
53 15
77 79
38 96
72 64
74 84
48 73
45 27
6 4
79 3
78 32
27 29
62 94
39 9
37 56
97 4
8 4
24 46
67 83
79 32
75 8
35 88
46 51
78 8
36 85
79 63
93 15
19 14
24 15
39 16
48 44
58 67
64 93
17 59
53 86
95 11
26 49
38 20
21 93
75 25
8 5
92 41
52 90
43 34
65 28
3 89
76 91
48 69
3 28
37 95
59 67
3 23
93 41
31 18
22 19
75 53
56 12
29 89
18 57
17 3
26 66
51 49
79 79
40 16
48 72
89 70
26 91
62 36
48 40
67 17
80 79
11 55
53 25
55 48
65 56
63 36
28 29
16 2
77 53
29 91
52 65
39 26
91 70
86 73
79 12
57 6
6 88
76 84
67 82
61 55
68 83
20 67
98 9
34 31
38 95
19 58
21 58
33 47
98 4
4 65
48 59
25 68
62 55
73 13
57 12
4 28
98 11
38 60
13 63
81 79
49 33
26 68
56 48
45 79
93 21
55 2
2 30
0 10
93 70
17 2
63 29
26 48
83 81
5 44
91 65
23 53
45 13
43 70
8 11
58 75
15 9
63 55
92 45
49 69
55 86
87 73
44 34
50 24
37 98
21 67
40 75
64 29
77 98
32 18
83 0
4 45
96 82
49 72
67 10
6 50
37 85
23 19
85 19
1 35
5 13
20 57
39 88
80 10
39 60
50 69
96 80
68 90
39 20
91 0
12 55
2 35
79 8
7 50
16 9
87 30
44 87
66 28
46 13
49 40
57 52
35 0
33 23
17 10
5 45
59 75
51 69
21 12
23 80
42 94
34 47
68 82
12 69
22 76
83 90
64 55
80 32
9 8
14 96
83 59
41 82
68 10
43 89
84 59
54 25
94 91
48 21
4 30
90 98
94 21
95 46
23 76
6 87
12 21
31 22
22 67
49 77
80 9
5 58
45 54
12 84
86 77
63 94
42 82
84 81
58 52
3 1
22 58
32 22
6 2
89 94
25 61
90 69
80 63
24 67
7 77
34 23
21 14
55 25
3 35
52 49
49 44
29 43
44 0
21 57
17 27
92 31
0 12
14 63
5 28
53 49
51 24
33 43
85 92
17 9
62 60
60 67
90 30
86 14
87 0
4 35
88 78
51 72
5 86
26 64
14 34
50 33
52 42
69 82
52 72
53 42
72 71
1 29
30 5
24 80
54 42
15 1
38 78
46 54
6 44
42 75
52 24
59 52
52 50
25 80
84 5
53 62
79 58
95 41
83 63
93 13
11 70
56 89
68 28
45 98
38 56
71 89
25 82
47 98
38 90
56 65
34 18
22 57
41 60
27 48
91 5
72 76
53 72
94 45
96 46
36 32
31 6
86 86
53 50
27 68
53 24
57 42
27 3
9 37
87 40
38 85
4 89
96 70
40 90
58 78
26 15
3 5
12 85
13 95
78 53
85 59
93 31
80 58
6 1
8 25
52 98
9 50
70 68
40 88
54 72
51 33
61 52
92 7
66 18
51 7
12 70
78 94
21 8
10 25
97 37
73 89
40 41
47 13
14 95
59 48
96 65
16 7
18 20
91 30
19 59
35 31
50 3
45 92
25 38
20 79
58 42
47 51
29 21
86 23
22 8
22 14
30 35
8 44
X
64 94
35 47
47 14
27 49
9 11
26 80
64 7
94 74
60 48
24 76
11 37
26 62
68 39
19 20
7 88
13 70
8 16
39 84
25 4
52 44
14 5
40 20
58 6
35 23
26 87
4 40
13 50
47 17
53 69
69 39
10 11
82 33
18 3
79 94
69 5
37 32
11 11
97 80
63 42
2 72
68 17
41 41
27 15
7 1
20 59
26 36
84 63
33 71
1 10
36 31
56 25
80 24
8 88
36 23
92 30
81 24
39 95
2 29
16 34
44 41
51 81
80 8
57 3
95 2
29 49
41 9
87 23
85 63
93 7
1 12
86 63
25 76
13 73
57 4
41 88
73 71
13 21
53 44
85 81
97 70
21 24
7 33
62 46
94 31
86 81
91 69
39 56
44 11
79 88
74 89
54 15
6 58
5 68
23 57
22 12
15 17
82 32
6 97
72 18
4 52
64 42
40 0
18 0
94 13
70 82
49 96
70 5
26 82
90 94
50 77
9 16
96 21
45 87
67 96
21 79
43 82
60 61
8 83
96 1
54 44
48 13
47 27
89 50
7 58
73 76
37 31
55 44
24 57
23 13
23 12
65 94
35 18
65 55
91 73
16 1
66 55
81 2
66 56
95 31
65 29
72 39
42 60
43 60
27 80
23 58
50 30
10 22
6 45
68 55
17 34
69 17
91 18
23 24
94 15
26 53
18 34
50 40
5 52
72 54
70 10
25 57
2 90
96 31
74 4
11 25
32 74
8 77
55 72
87 63
51 77
5 40
80 94
87 14
25 46
57 92
39 85
16 98
48 17
29 80
29 36
30 36
9 33
82 79
68 87
23 8
9 91
56 86
92 62
54 97
72 87
34 43
42 9
13 85
96 41
65 43
89 78
72 96
54 37
77 84
12 37
80 12
80 88
64 47
98 70
27 53
27 76
41 20
56 80
52 81
89 40
15 5
46 45
45 34
19 81
95 45
33 74
46 79
47 45
63 46
53 93
88 23
28 48
44 70
6 13
82 24
52 33
12 11
73 18
5 89
45 41
0 94
61 61
90 50
54 11
87 81
66 29
38 32
57 37
50 96
20 81
2 38
59 78
48 14
60 78
49 13
61 48
21 59
23 11
22 93
73 96
4 5
95 13
51 30
22 59
39 32
72 68
70 90
83 79
71 82
85 79
81 58
6 52
57 21
61 0
56 72
5 82
5 65
49 17
95 74
49 59
8 45
27 62
X
83 32
32 49
75 64
71 90
88 63
26 8
74 76
10 91
54 49
12 39
86 79
30 21
93 30
96 74
X
25 67
30 91
78 72
70 83
73 82
55 15
86 59
34 71
49 21
37 18
50 17
13 55
96 95
24 19
9 77
27 8
39 31
30 83
31 21
46 41
63 81
73 83
2 32
65 47
6 89
92 73
53 90
26 38
53 14
93 73
40 95
87 79
35 43
52 76
29 82
42 88
37 23
87 77
33 49
13 11
88 81
36 43
12 22
7 87
94 78
28 76
55 33
65 42
24 90
42 20
6 82
68 38
26 4
22 97
90 59
4 32
37 0
41 95
56 44
94 73
15 92
60 75
48 51
X
89 81
92 69
74 82
87 86
40 56
29 29
77 68
9 44
81 53
7 52
16 17
57 80
52 77
30 29
X
57 65
23 59
3 71
74 83
43 95
23 93
16 96
94 7
24 12
61 78
6 68
78 68
83 75
X
10 44
57 72
18 96
47 54
82 2
34 74
54 62
25 98
98 94
12 4
88 14
43 96
3 38
43 91
98 74
90 40
53 77
18 7
58 72
41 26
43 20
26 67
33 7
9 45
22 78
25 12
91 40
14 21
4 23
62 12
31 36
25 19
73 87
36 47
14 50
3 29
14 73
63 52
94 30
6 65
58 3
26 46
91 59
47 66
31 38
47 41
32 38
5 35
57 25
2 96
28 64
84 32
73 17
57 44
44 94
23 97
58 33
14 70
89 14
82 53
93 79
29 48
85 53
95 30
86 19
82 58
61 75
97 7
44 82
13 37
66 36
76 35
14 85
5 71
35 71
36 71
54 77
46 82
51 40
59 33
66 42
18 17
27 67
15 50
27 66
50 21
28 28
28 67
65 52
5 32
14 37
7 65
44 91
78 84
69 1
6 71
76 4
16 50
84 75
3 72
66 52
28 53
70 55
15 37
7 68
19 17
28 68
9 83
48 27
30 48
16 73
13 25
98 18
98 80
49 51
58 22
28 15
20 20
75 87
17 73
59 22
87 19
54 69
97 41
65 93
X
57 85
44 10
30 68
54 14
74 18
69 38
4 29
18 6
37 47
70 38
6 86
32 97
69 28
22 79
10 45
24 24
6 28
81 84
73 54
32 36
8 68
13 97
15 89
26 61
79 72
12 0
X
20 3
96 30
59 80
92 81
76 90
92 40
25 24
35 74
28 19
27 57
55 62
53 81
7 93
54 50
28 62
15 70
91 19
43 9
10 83
52 30
7 71
94 79
16 70
46 34
23 78
76 83
55 77
67 29
60 33
85 32
66 47
89 63
97 21
15 69
97 45
15 85
19 34
32 62
38 71
61 67
33 22
29 76
97 95
49 73
X
2 12
10 77
48 41
24 58
68 29
76 25
23 79
51 17
0 81
65 33
58 65
25 58
16 69
14 11
5 29
6 75
59 6
88 58
34 22
5 30
73 0
25 59
44 20
71 55
92 16
77 87
13 4
31 68
41 56
61 57
52 7
39 71
66 33
37 43
92 19
93 62
11 9
8 52
35 22
8 65
98 30
86 32
14 94
65 9
45 20
55 49
93 16
33 68
24 37
92 63
70 28
62 67
98 2
26 24
71 93
95 55
81 8
62 61
64 46
83 24
78 87
52 17
54 17
69 94
26 59
67 47
49 91
10 8
69 36
58 17
38 43
77 83
7 82
44 26
63 67
45 11
63 12
79 68
30 53
89 58
6 29
39 5
81 9
60 80
46 92
56 49
29 24
36 74
30 24
38 18
97 46
31 48
87 32
32 15
15 63
33 36
17 70
47 34
59 85
93 63
15 94
71 10
11 45
89 23
83 33
49 27
25 37
91 50
30 89
50 51
21 85
48 54
59 4
47 79
67 42
96 50
6 35
29 28
29 57
27 61
62 57
34 49
68 88
88 32
50 73
53 76
73 39
12 45
17 50
74 54
20 34
32 48
7 86
27 86
71 28
28 86
71 38
48 66
62 75
44 95
45 60
98 95
38 74
7 35
84 24
14 97
27 87
38 47
98 21
22 96
39 43
14 52
69 29
58 97
95 79
49 45
38 23
18 10
94 63
19 10
82 84
71 33
42 16
30 80
22 85
29 67
77 90
96 78
41 43
24 85
6 23
6 30
7 97
55 20
74 71
15 52
1 95
24 93
43 31
64 60
77 4
13 45
8 87
79 85
75 89
60 16
84 33
58 92
48 70
7 28
X
8 35
51 73
17 1
55 69
44 93
12 8
X
80 85
57 69
53 7
93 81
52 40
18 9
27 59
63 85
17 69
90 96
72 28
76 18
49 41
8 71
50 45
56 2
68 47
92 59
58 69
45 26
62 78
31 89
95 15
30 57
19 6
68 56
25 85
2 0
38 0
90 0
12 1
38 1
43 1
54 1
80 1
84 1
7 2
21 2
23 2
31 2
32 2
88 2
4 3
32 3
86 3
87 3
7 4
29 4
51 4
58 4
91 4
17 5
18 5
42 5
55 5
79 5
88 5
12 6
17 6
24 6
47 6
52 6
7 7
12 7
14 7
17 7
23 7
42 7
47 7
50 7
58 7
63 7
71 7
87 7
11 8
65 8
70 8
74 8
40 9
56 9
62 9
5 10
7 10
15 10
35 10
41 10
42 10
79 10
33 11
39 11
96 11
3 12
8 12
26 12
40 12
49 12
22 13
77 13
13 14
17 14
20 14
27 14
49 14
78 14
79 14
95 14
0 15
30 15
78 15
79 15
13 16
17 16
73 16
85 16
91 16
10 17
17 17
21 17
33 17
39 17
53 17
65 17
77 17
90 17
14 18
33 18
46 18
52 18
53 18
86 18
1 19
14 19
18 19
35 19
55 19
5 20
17 20
70 20
82 20
85 20
91 20
6 21
10 21
21 21
27 21
39 21
46 21
52 21
54 21
58 21
74 21
75 21
77 21
11 22
67 22
69 22
74 22
80 22
92 22
13 23
40 23
57 23
76 23
42 24
45 24
68 24
76 24
77 24
9 25
12 25
31 25
40 25
51 25
62 25
63 25
81 25
82 25
85 25
6 26
24 26
30 26
31 26
33 26
58 26
61 26
67 26
83 26
90 26
96 26
1 27
3 27
15 27
18 27
20 27
93 27
94 27
18 28
21 28
26 28
43 28
47 28
53 28
76 28
88 28
21 29
56 29
60 29
61 29
3 30
8 30
22 30
25 30
30 30
36 30
75 30
80 30
32 31
38 31
48 31
56 31
70 31
78 31
82 31
98 31
3 32
10 32
31 32
55 32
70 32
71 32
96 32
5 33
11 33
13 33
38 33
46 33
56 33
57 33
75 33
15 34
27 34
51 34
57 34
66 34
71 34
91 34
23 35
63 35
73 35
78 35
85 35
87 35
24 36
37 36
42 36
61 36
96 36
10 37
23 37
29 37
30 37
38 37
43 37
44 37
45 37
66 37
86 37
94 37
33 38
41 38
54 38
59 38
63 38
83 38
87 38
27 39
30 39
31 39
35 39
67 39
95 39
6 40
8 40
13 40
17 40
45 40
59 40
66 40
83 40
8 41
20 41
26 41
27 41
32 41
34 41
67 41
86 41
88 41
6 42
20 42
22 42
28 42
29 42
56 42
68 42
86 42
30 43
45 43
73 43
87 43
97 43
22 44
39 44
70 44
87 44
91 44
94 44
36 45
39 45
48 45
53 45
67 45
77 45
80 45
96 45
12 46
55 46
70 46
75 46
87 46
90 46
94 46
8 47
23 47
61 47
72 47
77 47
80 47
95 47
1 48
41 48
44 48
50 48
65 48
81 48
82 48
2 49
4 49
8 49
28 49
35 49
36 49
64 49
65 49
87 49
96 49
0 50
4 50
8 50
28 50
29 50
36 50
44 50
48 50
51 50
98 50
4 51
5 51
39 51
51 51
52 51
57 51
62 51
75 51
77 51
85 51
90 51
98 51
36 52
47 52
52 52
56 52
71 52
85 52
87 52
15 53
24 53
25 53
39 53
43 53
60 53
61 53
69 53
74 53
76 53
86 53
88 53
89 53
11 54
17 54
44 54
58 54
80 54
86 54
5 55
20 55
67 55
69 55
94 55
11 56
48 56
52 56
60 56
77 56
8 57
19 57
28 57
31 57
39 57
41 57
49 57
58 57
67 57
96 57
97 57
20 58
27 58
28 58
38 58
44 58
54 58
2 59
11 59
13 59
18 59
24 59
43 59
47 59
53 59
64 59
73 59
94 59
97 59
9 60
27 60
40 60
44 60
47 60
48 60
52 60
5 61
11 61
13 61
53 61
79 61
83 61
18 62
20 62
35 62
36 62
43 62
50 62
65 62
89 62
35 63
42 63
54 63
67 63
90 63
91 63
1 64
15 64
27 64
33 64
46 64
74 64
95 64
18 65
34 65
53 65
61 65
65 65
80 65
84 65
90 65
95 65
33 66
37 66
59 66
66 66
76 66
81 66
9 67
10 67
41 67
50 67
77 67
83 67
97 67
0 68
1 68
10 68
29 68
38 68
39 68
69 68
98 68
0 69
4 69
11 69
14 69
22 69
56 69
65 69
77 69
93 69
20 70
47 70
67 70
71 70
90 70
92 70
94 70
95 70
4 71
15 71
18 71
19 71
31 71
59 71
60 71
76 71
98 71
1 72
11 72
20 72
21 72
23 72
28 72
36 72
50 72
64 72
69 72
72 72
75 72
19 73
20 73
26 73
36 73
52 73
57 73
82 73
5 74
27 74
28 74
53 74
67 74
82 74
18 75
23 75
24 75
29 75
41 75
63 75
79 75
4 76
26 76
63 76
90 76
13 77
15 77
37 77
40 77
48 77
61 77
67 77
94 77
95 77
26 78
27 78
28 78
42 78
76 78
84 78
93 78
95 78
98 78
13 79
50 79
55 79
78 79
84 79
7 80
19 80
28 80
53 80
58 80
68 80
70 80
85 80
87 80
16 81
29 81
67 81
27 82
39 82
45 82
55 82
78 82
27 83
28 83
54 83
66 83
69 83
86 83
88 83
94 83
6 84
10 84
17 84
24 84
25 84
79 84
6 85
48 85
55 85
58 85
60 85
61 85
81 85
87 85
2 86
11 86
13 86
30 86
31 86
36 86
51 86
54 86
60 86
73 86
81 86
83 86
5 87
13 87
33 87
37 87
56 87
74 87
76 87
79 87
14 88
34 88
36 88
55 88
62 88
13 89
61 89
72 89
77 89
96 89
5 90
6 90
23 90
27 90
39 90
44 90
54 90
57 90
65 90
69 90
8 91
11 91
15 91
17 91
27 91
28 91
52 91
75 91
77 91
93 91
16 92
31 92
35 92
37 92
41 92
59 92
74 92
80 92
91 92
92 92
94 92
97 92
8 93
10 93
31 93
62 93
76 93
80 93
4 94
6 94
21 94
24 94
31 94
43 94
56 94
83 94
0 95
22 95
24 95
34 95
42 95
70 95
73 95
83 95
8 96
15 96
17 96
44 96
59 96
64 96
81 96
1 97
5 97
29 97
39 97
0 98
6 98
27 98
30 98
68 98
91 98
X
X
X
X
X
X
X
X
X
X
X
X
X
X
X
X
X
X
X
X
X
X
X
X
X
X
X
X
X
X
X
X
X
X
X
X
X
X
X
X
X
X
X
X
X
X
X
X
X
X
X
X
X
X
X
X
X
X
X
X
X
X
X
X
X
X
X
X
X
X
X
X
X
X
X
X
X
X
X
X
X
X
X
X
X
X
X
X
X
X
X
X
X
X
X
X
X
X
X
X
X
X
X
X
X
X
X
X
X
X
X
X
X
X
X
X
X
X
X
X
X
X
X
X
X
X
X
X
X
X
X
X
X
X
X
X
X
X
X
X
X
X
X
X
X
X
X
X
X
X
X
X
X
X
X
X
X
X
X
X
X
X
X
X
X
X
X
X
X
X
X
X
X
X
X
X
X
X
X
X
X
X
X
X
X
X
X
X
X
X
X
X
X
X
X
X
X
X
X
X
X
X
X
X
X
X
X
X
X
X
X
X
X
X
X
X
X
X
X
X
X
X
X
X
X
X
X
X
X
X
X
X
X
X
X
X
X
X
X
X
X
X
X
X
X
X
X
X
X
X
X
X
X
X
X
X
X
X
X
X
X
X
X
X
X
X
X
X
X
X
X
X
X
X
X
X
X
X
X
X
X
X
X
X
X
X
X
X
X
X
X
X
X
X
X
X
X
X
X
X
X
X
X
X
X
X
X
X
X
X
X
X
X
X
X
X
X
X
X
X
X
X
X
X
X
X
X
X
X
X
X
X
X
X
X
X
X
X
X
X
X
X
X
X
X
X
X
X
X
X
X
X
X
X
X
X
X
X
X
X
X
X
X
X
X
X
X
X
X
X
X
X
X
X
X
X
X
X
X
X
X
X
X
X
X
X
X
X
X
X
X
X
X
X
X
X
X
X
X
X
X
X
X
X
X
X
X
X
X
X
X
X
X
X
X
X
X
X
X
X
X
X
X
X
X
X
X
X
X
X
X
X
X
X
X
X
X
X
X
X
X
X
X
X
X
X
X
X
X
X
X
X
X
X
X
X
X
X
X
X
X
X
X
X
X
X
X
X
X
X
X
X
X
X
X
X
X
X
X
X
X
X
X
X
X
X
X
X
X
X
X
X
X
X
X
X
X
X
X
X
X
X
