59 1
81 56
89 158
195 126
14 179
66 155
76 145
82 46
160 33
181 109
165 158
15 179
182 109
67 155
83 46
76 90
77 145
24 127
173 162
51 24
60 1
124 46
174 162
85 56
161 33
61 1
16 179
62 1
190 74
17 179
18 179
41 179
78 145
175 162
25 127
27 127
1 163
175 103
52 24
96 156
167 33
86 121
42 179
3 163
87 145
168 33
44 179
4 163
170 33
126 97
127 97
104 107
X
128 97
53 179
26 12
90 158
28 127
27 12
29 163
127 85
53 85
31 127
171 33
86 56
183 109
30 163
87 56
32 127
33 127
88 145
38 127
89 145
63 1
128 85
32 163
64 1
175 97
4 75
126 46
43 127
121 107
98 92
54 179
33 163
139 82
55 179
53 24
44 163
172 33
X
7 110
56 179
28 12
57 179
129 46
8 110
65 1
180 72
88 56
155 85
61 179
181 72
54 24
10 110
176 97
193 97
55 24
90 145
56 24
81 90
29 110
30 110
48 163
66 12
89 56
49 163
183 103
77 12
166 158
50 127
130 46
186 103
167 46
63 179
79 12
66 1
105 56
161 85
74 1
6 104
123 107
194 97
57 24
186 156
51 163
173 33
164 85
168 46
75 1
24 124
52 163
119 145
5 75
169 46
76 1
80 12
66 179
171 46
96 12
21 34
68 179
75 179
79 179
51 127
7 75
91 24
8 75
36 56
52 127
167 158
31 110
85 155
97 12
82 90
174 158
157 120
53 163
32 110
120 145
34 110
172 46
120 56
122 56
104 179
173 46
190 46
79 1
53 127
35 110
123 56
124 56
143 143
105 179
106 179
81 1
121 145
36 110
100 91
122 145
60 127
54 163
93 24
83 90
195 97
107 179
55 163
28 124
56 163
95 24
110 179
99 12
132 56
4 73
111 179
124 145
100 12
133 56
43 126
83 1
61 127
62 127
112 179
125 145
99 24
22 34
27 75
45 110
113 179
114 179
101 12
100 24
191 46
113 12
134 56
115 179
70 127
7 104
72 127
180 157
124 179
X
94 90
98 90
87 1
187 157
141 56
125 179
59 163
47 110
89 1
158 107
126 179
137 145
90 1
31 124
78 127
159 107
160 107
37 56
132 153
140 153
128 179
117 91
129 179
30 75
114 12
48 110
23 34
91 1
60 163
165 85
54 110
102 24
146 56
166 85
196 97
163 107
115 12
130 179
153 179
79 127
62 163
156 179
114 90
103 24
148 56
175 158
55 110
21 86
104 24
176 158
35 75
126 1
129 1
56 110
X
130 1
63 163
23 86
51 34
165 179
155 1
64 163
167 179
170 179
36 75
141 145
152 56
5 98
42 75
100 92
116 12
157 1
8 104
154 56
80 127
172 179
181 179
103 127
113 24
156 153
169 107
9 104
117 12
118 90
182 179
67 34
88 110
183 179
142 145
158 56
122 12
9 2
44 75
105 127
192 46
91 110
191 179
178 158
67 163
38 56
70 163
10 2
73 163
11 2
114 24
179 158
50 75
6 98
106 127
25 86
12 2
194 179
108 127
118 91
193 46
180 158
125 12
137 12
132 127
41 2
195 179
11 180
143 96
17 180
18 180
140 12
41 180
155 12
74 163
7 73
52 75
97 110
14 24
160 56
13 179
75 163
74 34
164 56
12 104
40 86
75 34
194 46
16 104
144 143
99 110
44 180
76 34
7 98
136 127
8 98
77 34
104 110
81 34
8 73
157 12
10 47
158 127
9 98
88 121
83 163
85 163
187 158
85 34
53 180
55 180
123 90
108 110
143 145
115 24
101 92
87 163
159 127
61 180
41 86
62 180
102 92
145 143
103 163
160 12
13 47
109 163
109 110
162 12
17 47
157 153
171 12
117 24
158 153
110 163
63 180
87 34
160 127
145 145
20 104
118 24
64 180
45 2
111 110
192 158
146 145
24 47
172 12
119 24
27 98
65 180
103 92
46 2
12 73
148 145
112 110
66 180
122 110
187 156
165 56
173 12
159 153
162 153
114 163
123 110
54 75
67 180
62 159
26 47
126 24
159 96
128 24
166 56
130 24
55 75
132 109
161 127
63 159
68 180
47 2
75 180
48 2
168 56
115 163
154 145
157 145
56 85
104 92
27 47
134 24
91 121
116 163
42 86
118 163
169 145
135 24
127 90
28 47
49 2
64 159
114 92
29 47
162 127
188 12
118 92
30 47
171 145
136 24
76 180
124 110
64 2
28 98
138 92
172 107
77 180
66 2
191 56
194 56
119 163
29 98
193 127
44 86
189 12
1 25
129 90
195 127
120 163
131 110
41 47
9 128
132 110
78 180
10 128
195 56
30 98
13 73
89 34
141 92
13 57
180 81
175 107
129 163
2 25
141 90
X
14 57
56 75
166 153
11 128
105 34
130 163
141 82
45 86
64 75
132 163
46 86
133 110
79 180
108 34
133 163
13 128
21 104
3 25
147 92
14 128
X
15 57
5 25
192 12
173 145
90 180
6 25
16 73
44 47
134 110
28 128
79 46
65 75
66 75
111 34
18 73
7 25
49 86
47 47
141 163
112 34
172 163
91 180
13 25
103 180
105 180
6 13
183 107
X
38 128
107 180
39 128
177 145
15 25
149 92
48 47
34 124
49 47
20 35
140 11
124 180
40 128
128 180
69 2
192 145
130 180
175 163
138 180
79 2
67 159
188 156
17 57
152 92
139 180
42 128
52 86
43 128
74 159
22 104
140 180
8 13
4 164
68 57
50 47
40 164
59 128
69 75
79 159
70 57
70 75
29 104
61 128
183 153
81 2
34 104
71 75
72 57
146 143
11 13
41 164
24 25
63 128
13 13
23 13
195 145
70 128
71 128
141 180
43 164
124 109
4 154
48 164
83 2
50 164
74 57
53 86
142 180
143 82
137 110
138 110
28 13
158 110
61 13
23 35
51 35
4 146
91 25
53 35
66 13
56 86
6 146
77 57
55 35
85 57
77 13
73 128
52 164
36 104
74 128
79 75
143 180
57 35
62 35
159 110
54 164
93 25
80 13
160 110
32 98
158 120
63 35
7 146
87 57
84 75
95 25
144 180
81 128
132 128
89 57
106 75
133 128
150 180
151 180
111 75
161 110
99 25
135 128
64 35
63 158
8 146
45 104
51 47
95 159
56 164
153 180
12 108
70 164
123 91
95 13
124 91
65 35
169 110
121 75
38 124
10 146
189 128
154 180
195 128
155 180
87 2
103 25
83 164
170 110
96 159
14 129
156 180
105 25
125 75
60 86
89 2
142 90
66 35
67 35
52 47
53 47
54 47
84 164
105 57
110 57
117 25
165 180
85 164
167 180
172 110
161 96
134 75
24 129
172 180
119 57
130 23
12 146
86 164
28 146
40 124
123 57
55 47
135 75
154 92
69 86
180 180
7 111
33 98
46 104
10 111
63 47
119 25
25 129
183 180
87 164
192 180
57 85
27 129
193 180
68 47
68 35
86 111
85 35
29 146
136 75
41 98
28 129
76 47
147 143
78 47
137 75
91 2
59 129
148 90
194 180
96 164
122 25
97 159
197 180
125 57
86 35
91 111
12 181
61 129
97 111
126 2
13 181
47 104
131 57
98 111
100 13
81 47
175 92
134 57
24 181
9 46
103 126
141 57
138 75
25 181
26 181
98 159
176 92
159 120
140 75
33 181
148 143
48 104
141 75
142 57
70 86
34 181
50 125
106 13
35 181
63 129
99 111
98 164
49 104
36 181
147 75
73 86
37 181
38 181
93 121
14 108
128 2
41 181
130 25
103 159
103 47
87 35
99 164
104 47
105 47
43 98
42 181
106 47
100 164
88 35
182 25
74 86
42 124
103 164
178 92
130 2
78 129
104 164
107 121
43 181
44 181
155 2
89 35
79 129
105 164
53 104
55 104
104 35
75 86
143 57
158 2
44 98
80 129
74 98
164 2
91 158
5 154
148 75
114 164
129 164
165 2
144 57
107 13
160 120
53 181
145 57
105 159
147 57
183 25
109 13
100 111
148 57
133 164
110 13
120 13
149 75
76 86
101 111
179 92
27 73
138 164
108 121
152 82
121 13
55 181
122 13
30 146
81 86
109 121
34 146
123 13
4 26
124 13
6 154
57 181
126 13
61 181
152 57
103 111
107 35
43 124
104 111
75 98
115 47
66 181
116 47
59 85
81 129
118 47
82 86
15 108
109 35
166 2
68 181
150 75
139 164
91 129
93 129
36 146
30 73
119 47
93 181
127 13
43 82
77 98
7 154
39 146
34 73
179 2
105 181
107 181
130 181
140 164
41 146
78 98
44 124
5 26
137 13
36 73
51 124
154 57
6 26
108 111
141 164
51 146
180 2
138 181
155 57
112 35
125 35
156 57
94 129
126 35
147 164
124 47
120 129
65 104
125 47
140 181
121 129
122 129
148 164
161 75
157 57
55 146
140 13
110 111
126 47
142 181
163 75
112 111
149 164
112 121
84 98
158 57
150 164
61 146
83 86
123 129
71 146
7 26
8 26
191 126
88 98
8 154
155 13
127 35
151 164
154 143
84 86
128 47
9 26
107 86
168 75
156 13
129 47
124 129
125 129
52 124
126 129
171 75
181 2
16 108
159 57
180 92
152 164
109 86
120 121
132 129
174 164
128 35
158 13
136 129
178 35
181 92
160 57
164 57
9 154
144 181
179 35
158 129
180 35
125 91
147 181
191 57
159 13
X
160 129
67 121
121 121
182 2
37 73
195 57
148 181
97 98
10 26
13 26
169 47
191 129
99 98
87 155
160 13
182 92
191 2
15 26
182 35
55 73
185 75
102 98
56 73
X
71 104
197 57
172 47
193 129
183 35
122 111
127 111
17 26
5 58
157 143
72 146
192 2
175 164
4 165
153 82
X
6 58
7 165
76 146
21 26
22 26
188 35
131 111
150 181
151 181
10 165
114 86
153 181
189 35
165 181
126 91
109 159
115 86
133 111
195 129
18 165
136 109
173 47
129 159
7 58
57 73
193 2
167 181
8 58
105 98
161 120
2 130
168 181
85 157
19 165
95 158
138 111
169 181
130 159
84 104
161 13
23 165
86 104
109 98
194 2
78 146
24 165
190 47
3 130
4 130
190 75
194 47
29 108
25 165
195 2
6 48
7 48
171 181
10 48
5 130
110 98
88 104
6 130
23 26
12 3
43 3
10 154
188 13
190 35
56 58
181 181
57 58
26 165
14 48
40 165
15 48
111 98
58 58
59 58
118 86
87 146
127 91
16 48
187 92
182 181
154 82
188 92
9 130
41 48
14 130
28 26
90 146
183 181
192 181
44 165
60 58
192 35
29 26
192 13
59 130
48 165
155 82
61 58
42 48
61 130
62 130
197 181
62 58
1 93
3 182
30 26
120 146
90 104
56 165
89 155
47 3
87 157
5 182
112 98
23 182
33 182
38 182
113 98
63 130
124 98
122 121
162 82
122 86
43 48
47 48
91 130
99 130
121 146
4 76
49 3
70 165
44 182
8 76
134 126
7 112
63 48
53 182
53 3
11 36
10 46
163 82
55 182
101 130
128 98
109 130
78 58
56 182
75 165
108 126
31 26
54 3
55 3
96 165
12 36
8 112
98 165
13 36
80 58
132 98
119 104
123 121
56 3
81 58
57 182
53 124
133 98
6 14
123 86
2 93
100 165
61 182
32 26
129 165
7 14
11 154
65 48
10 14
110 130
20 36
131 165
132 165
12 154
85 58
62 182
21 36
122 146
34 26
133 146
124 86
63 182
124 121
162 120
12 14
65 182
9 112
66 182
11 76
67 182
111 130
102 91
99 26
12 76
87 58
10 112
112 130
68 182
59 3
89 58
134 98
105 26
149 90
90 182
91 182
38 112
113 26
134 146
60 3
23 14
105 58
22 36
125 86
126 86
92 182
168 120
125 121
107 58
136 146
39 112
103 182
13 76
64 73
131 159
135 98
23 36
137 146
110 58
119 26
132 159
14 76
133 165
119 58
120 130
62 3
122 130
164 82
124 130
127 86
146 165
170 143
122 26
38 36
39 36
15 76
148 165
126 130
28 14
150 90
70 48
49 14
104 182
105 182
51 14
106 182
63 3
137 98
151 165
141 146
64 3
52 14
138 98
107 182
53 14
76 48
124 182
173 143
125 109
123 26
152 165
120 104
176 143
78 48
125 58
129 26
185 165
3 93
133 159
147 159
167 26
40 112
17 76
27 76
65 3
4 93
132 130
41 112
28 76
86 124
133 130
168 26
40 36
121 104
170 26
126 182
66 3
187 165
152 86
130 182
43 112
131 58
133 58
66 73
81 48
153 86
171 26
138 182
30 108
144 182
143 58
135 130
41 36
143 146
147 182
69 3
145 130
146 130
172 26
151 182
54 14
126 121
173 26
70 3
88 112
31 108
135 121
147 130
11 93
152 182
188 165
65 121
158 130
167 182
83 48
170 182
103 48
192 182
164 159
122 104
61 14
42 36
89 112
123 104
189 165
64 14
29 76
65 14
191 165
13 93
69 73
159 130
197 182
148 58
3 183
164 58
165 82
139 98
71 3
174 26
6 183
9 99
90 112
44 36
23 183
24 183
74 99
38 183
106 48
160 130
41 183
154 86
177 26
66 14
9 166
169 58
176 58
42 183
43 183
45 36
11 166
177 58
74 3
90 183
137 121
X
175 82
77 14
162 96
115 48
119 48
17 166
178 58
71 73
162 130
166 159
126 48
75 3
93 183
14 93
176 82
79 3
124 183
79 73
125 183
81 3
78 14
132 104
126 183
78 99
16 93
127 183
91 112
20 166
23 166
179 58
46 36
80 14
191 58
83 3
51 36
99 158
146 146
52 36
X
5 27
128 183
34 76
197 58
175 130
37 76
148 146
13 46
95 14
5 59
96 14
8 59
176 130
91 155
155 86
179 82
56 59
40 166
129 183
92 112
177 130
41 166
161 86
189 130
130 183
42 166
84 99
93 112
87 3
138 183
138 121
140 183
168 159
6 27
191 130
16 154
131 109
187 159
98 14
129 48
85 99
40 76
89 3
168 48
169 48
192 159
44 76
192 130
7 27
58 59
142 183
97 112
61 93
103 112
162 86
164 86
21 154
144 183
193 130
43 166
32 108
53 36
54 36
10 27
170 48
91 3
126 3
44 166
31 56
134 104
55 36
100 14
60 59
152 183
63 93
13 27
195 130
80 73
48 166
166 183
128 3
49 166
167 183
106 14
87 99
151 90
62 59
52 166
68 59
169 183
44 82
192 82
104 112
171 48
170 183
29 160
14 27
137 104
110 112
55 166
56 36
130 3
155 3
154 146
112 112
2 131
171 183
110 14
157 146
57 36
70 59
82 73
122 112
120 14
179 48
130 155
65 36
4 131
179 183
182 183
88 99
56 166
183 183
6 131
169 146
9 131
72 59
192 183
122 14
152 90
170 146
66 36
52 76
126 14
74 59
77 59
180 48
193 183
171 146
81 59
55 76
172 146
13 131
173 146
194 183
57 76
165 86
15 27
195 183
171 120
141 121
196 183
146 121
16 27
44 46
64 76
131 112
85 59
X
174 146
70 166
95 99
86 59
64 93
14 131
182 48
132 155
17 27
3 184
30 160
157 3
167 86
66 76
137 14
4 184
5 184
6 184
68 36
139 14
72 166
67 131
133 112
8 12
23 184
26 184
183 48
33 184
31 160
34 184
35 184
136 112
191 48
176 146
73 166
66 158
87 59
69 131
158 3
193 48
194 48
88 59
70 76
69 36
38 184
83 73
70 36
6 49
32 160
71 36
78 36
138 112
167 3
25 49
71 131
21 27
24 27
139 104
80 46
191 86
84 73
89 59
90 184
193 146
74 131
142 104
74 166
96 166
192 86
91 184
128 91
26 49
180 3
156 121
92 184
7 113
93 184
100 166
79 76
10 113
182 3
28 27
27 49
69 93
84 76
140 14
117 184
104 59
118 184
79 36
119 184
106 76
75 131
80 36
120 184
28 49
141 14
91 131
153 90
99 99
158 121
114 166
85 73
142 14
106 59
30 27
34 27
148 104
177 143
155 14
107 59
105 73
129 91
108 59
103 124
183 143
109 59
38 27
157 14
110 59
102 99
193 3
64 121
31 49
121 59
40 27
X
31 154
33 160
32 49
194 146
70 93
35 108
137 155
41 27
125 59
146 166
195 3
147 166
104 36
93 131
160 121
33 49
121 184
41 160
49 27
4 147
139 184
42 113
6 147
8 147
9 4
44 113
45 108
10 4
105 36
193 82
140 184
10 147
60 85
193 86
141 184
50 27
51 27
148 166
142 184
103 99
91 157
108 36
141 59
100 131
52 27
112 36
134 23
149 166
102 131
142 59
125 36
140 155
151 166
46 108
104 131
154 104
67 158
156 155
143 59
194 82
194 86
103 158
71 93
162 121
144 59
X
12 147
143 184
109 131
128 36
53 27
112 131
184 143
15 24
187 166
11 4
190 166
191 166
74 27
144 184
16 24
185 143
45 82
7 167
72 93
120 131
76 46
17 167
147 184
33 154
34 49
19 167
20 167
142 36
152 184
42 160
145 59
21 147
148 59
126 131
12 4
50 113
23 167
111 76
22 147
48 167
132 131
160 14
21 83
164 59
25 147
46 82
104 99
179 184
169 59
76 27
176 59
77 27
105 99
97 156
73 93
51 167
52 167
35 49
59 160
181 184
63 160
183 184
179 59
36 49
191 59
41 4
143 36
121 76
145 36
106 124
136 131
56 167
7 87
28 147
3 185
145 131
148 131
6 185
23 185
87 167
78 27
X
79 27
51 113
106 73
154 90
X
48 108
31 147
53 113
193 59
37 49
195 59
10 87
24 185
80 27
38 49
X
188 14
41 49
157 104
44 49
54 113
109 99
34 147
122 76
146 36
35 147
22 83
168 121
163 96
175 131
125 76
189 14
111 99
X
25 185
147 36
107 124
26 185
169 121
36 147
47 49
197 59
134 76
32 185
88 167
54 108
136 76
113 99
33 185
90 167
21 87
178 131
64 49
49 4
74 93
2 132
158 36
104 91
84 93
55 108
37 147
16 46
34 185
139 76
4 132
190 14
192 14
35 185
35 154
8 15
96 167
52 125
36 185
6 132
38 147
12 15
158 104
5 60
53 4
39 147
59 4
159 36
6 60
160 36
7 60
97 167
74 158
158 155
61 4
98 167
99 167
170 121
187 143
162 36
65 49
141 76
85 93
38 185
8 60
19 60
72 185
64 4
9 132
188 143
13 15
73 185
159 104
166 104
55 113
22 87
56 113
180 36
41 147
146 76
165 90
67 160
100 167
74 185
21 60
75 185
86 113
66 4
76 185
69 4
24 87
170 90
108 167
10 132
150 76
109 167
121 185
175 104
56 108
178 121
22 60
81 27
66 49
12 132
23 15
51 147
13 132
110 167
52 147
150 185
88 113
124 99
111 167
23 60
48 154
188 36
26 87
71 4
180 90
140 96
92 113
179 185
54 147
15 132
188 157
67 49
56 60
114 167
183 185
11 37
115 167
74 160
84 27
3 186
155 11
85 27
179 104
190 156
126 99
67 132
120 126
75 160
24 15
38 37
181 121
25 15
93 113
40 37
28 15
68 49
128 99
86 27
62 60
182 104
69 132
5 186
68 60
39 15
40 15
87 27
159 155
97 113
117 167
69 49
27 87
69 60
17 122
71 132
55 147
23 83
76 49
42 37
98 113
108 73
138 109
61 147
6 186
44 37
18 186
159 76
121 126
42 15
62 147
19 186
20 186
29 186
74 4
165 76
118 167
136 167
76 4
49 15
76 160
88 27
63 147
20 122
70 60
103 160
30 186
99 113
108 113
71 60
53 15
101 27
79 4
81 4
98 156
109 113
32 186
77 49
X
46 37
78 49
151 167
159 167
132 99
71 147
160 167
55 15
94 132
109 73
82 4
103 97
104 132
86 93
161 167
109 132
66 37
83 4
33 186
87 4
61 15
79 158
162 167
88 4
67 37
134 99
68 37
110 132
105 160
89 4
111 113
34 186
103 27
62 15
72 60
79 49
110 73
80 49
137 99
63 15
71 37
189 157
72 147
112 113
91 4
111 132
93 85
72 186
73 60
123 113
77 186
68 56
74 60
105 186
112 186
64 15
30 87
112 132
108 160
117 186
78 60
126 4
166 167
51 154
124 113
79 60
110 160
119 186
127 4
87 93
121 186
120 132
179 186
52 154
66 15
80 60
125 113
123 160
81 49
97 157
180 186
185 167
76 37
105 27
78 37
126 113
82 49
104 97
162 155
77 15
128 4
83 49
81 60
189 143
168 76
127 113
183 104
111 73
186 104
181 186
104 37
101 60
97 15
186 167
187 167
182 186
103 49
113 27
136 91
183 186
191 186
181 90
100 15
169 76
115 27
192 156
102 60
122 132
73 147
192 186
103 60
118 37
104 49
119 37
188 167
192 143
189 167
132 113
170 76
117 27
7 168
120 37
124 132
126 132
75 108
106 15
31 87
105 49
8 168
9 168
125 37
X
126 37
128 37
193 186
104 158
194 186
52 126
106 49
142 37
10 168
134 113
107 15
105 60
109 15
195 186
20 187
119 27
171 76
74 147
X
135 113
177 96
147 37
187 104
X
110 15
151 37
125 27
94 85
120 15
126 27
29 187
74 82
75 122
11 168
132 132
121 15
195 143
106 60
152 37
138 91
129 4
157 11
115 49
78 108
107 60
189 104
120 60
83 82
80 125
137 113
24 83
133 132
116 49
17 168
32 187
190 104
122 15
163 155
33 187
130 4
127 27
130 27
23 168
174 76
167 27
122 60
139 99
75 147
34 187
77 122
175 76
49 187
134 132
182 90
123 60
124 60
12 105
50 187
125 60
133 160
16 105
108 124
78 147
134 73
135 132
181 96
51 187
26 168
52 187
92 93
193 113
27 168
153 37
87 147
25 83
194 113
120 124
5 100
140 160
53 187
155 4
195 113
8 100
178 120
54 126
176 76
29 105
54 187
53 154
55 187
95 85
56 187
141 160
57 187
154 37
181 120
126 49
28 168
193 96
129 49
158 4
30 105
136 132
72 187
157 60
137 15
146 132
77 187
163 109
105 187
158 60
94 93
114 93
32 87
106 187
147 132
107 187
159 60
177 76
178 76
31 105
88 147
108 187
140 15
85 154
117 93
148 132
164 155
48 168
179 76
160 60
109 187
142 15
152 49
164 4
49 168
111 187
165 60
8 114
89 147
52 168
148 160
9 114
168 132
169 27
34 144
37 87
35 144
172 27
158 37
55 168
162 37
166 60
153 49
165 4
56 168
81 125
174 27
38 87
86 108
150 160
167 60
90 147
178 37
10 114
184 37
191 37
169 132
24 114
112 187
168 60
180 76
138 93
11 38
185 76
9 100
63 168
12 38
172 109
169 60
119 187
166 4
120 187
121 187
98 147
170 60
13 38
176 132
177 60
177 27
21 100
178 27
191 187
25 114
178 60
136 73
193 187
195 187
99 147
188 76
179 27
53 100
14 38
156 15
26 114
38 38
177 132
179 60
157 15
54 100
13 188
167 4
55 100
181 27
X
26 83
65 168
2 133
191 60
178 4
164 160
14 188
74 100
3 133
154 49
15 188
192 60
33 105
27 114
193 60
182 4
191 4
4 133
158 15
24 46
160 15
36 144
46 38
28 114
66 168
121 124
193 4
16 188
39 87
17 188
86 154
5 133
194 60
195 4
77 100
195 60
67 168
185 73
196 60
18 188
188 120
19 61
78 100
155 49
23 61
95 100
78 122
100 147
68 168
141 93
102 147
19 188
20 188
156 49
12 5
161 15
29 188
69 168
34 105
71 38
175 109
86 168
88 168
165 155
111 168
X
91 108
78 38
58 61
35 105
6 133
34 188
49 188
189 76
60 61
17 5
62 61
53 188
101 61
104 61
12 133
29 114
162 15
13 133
104 38
4 77
106 38
182 27
103 147
105 61
132 168
55 188
157 49
106 61
134 168
156 61
7 16
14 133
93 108
158 61
160 61
167 61
41 83
57 188
61 188
104 147
41 157
38 114
186 73
129 156
158 49
130 156
96 100
37 144
62 188
15 133
166 155
18 5
160 11
63 188
108 38
112 38
168 61
183 27
171 61
148 168
50 114
72 188
162 11
73 188
173 61
117 38
121 38
174 155
139 91
74 188
77 188
105 188
176 61
17 133
8 16
109 147
110 188
112 188
52 114
22 16
6 77
128 188
19 5
23 16
7 77
151 168
26 16
129 188
28 16
159 168
161 168
164 168
130 188
166 168
18 133
70 126
184 27
168 160
79 122
175 168
186 90
125 38
122 124
131 188
128 38
131 38
36 105
176 168
X
177 168
39 16
20 5
55 114
179 61
5 62
97 108
40 87
6 62
132 188
10 28
159 49
189 120
160 49
21 5
42 133
176 155
110 147
86 122
38 144
22 5
132 38
134 188
56 114
143 188
21 28
133 38
144 188
147 93
43 133
188 73
63 114
169 49
178 168
64 114
44 133
172 160
187 168
45 133
22 28
45 105
23 5
67 105
190 168
145 188
147 188
167 188
189 73
168 188
7 62
187 90
8 77
11 77
97 100
69 105
75 105
49 16
134 38
67 133
190 120
169 188
8 62
190 73
24 28
111 147
142 38
66 114
112 147
19 62
173 160
147 38
28 28
17 169
171 188
29 5
55 16
X
67 114
113 147
172 188
76 105
18 169
172 49
173 188
65 16
68 114
191 188
19 169
75 133
193 188
66 16
13 77
88 122
15 189
155 38
77 105
86 114
X
91 133
99 157
30 5
158 38
18 189
29 189
15 77
120 147
92 133
98 100
31 5
88 114
174 160
21 62
148 93
32 5
39 144
183 49
34 189
33 5
131 114
149 93
178 155
49 189
78 105
25 169
159 38
61 189
64 189
94 133
67 16
71 189
91 122
26 169
38 62
X
100 133
17 77
46 83
41 5
151 93
72 189
104 133
109 133
39 62
73 189
28 169
112 133
40 62
34 77
124 124
56 83
41 62
36 169
35 77
42 62
84 105
161 38
74 189
68 16
43 62
99 100
44 62
29 28
162 38
76 189
190 49
42 87
30 28
120 133
153 93
121 133
42 5
43 87
45 62
45 5
4 121
168 38
77 189
37 169
133 114
31 28
96 85
36 77
125 147
38 169
46 62
175 160
88 154
40 169
187 160
38 28
69 16
48 5
70 16
4 74
49 28
194 49
51 28
102 100
37 77
48 169
87 189
49 87
X
88 189
6 50
93 122
74 28
76 28
154 93
85 105
49 5
159 93
169 38
137 114
108 122
42 158
40 77
90 189
41 77
122 133
171 38
8 74
77 16
91 189
53 5
9 50
109 122
92 189
53 87
123 133
80 56
57 83
94 189
145 114
188 160
79 28
97 189
40 144
56 62
57 62
98 189
10 50
56 169
188 90
25 46
54 5
42 77
146 114
172 38
133 147
191 90
78 16
81 28
58 62
189 160
43 77
28 50
124 133
84 28
44 77
58 83
50 77
79 16
56 87
63 169
55 5
86 28
147 114
141 147
99 28
180 38
80 16
101 189
89 154
182 38
65 169
105 189
100 28
148 114
101 28
86 105
125 133
188 114
107 189
102 28
57 87
56 5
110 189
143 147
59 5
126 133
59 87
97 16
60 87
67 169
112 189
86 169
59 62
60 62
61 5
103 28
71 87
100 16
52 77
148 133
136 16
64 5
66 5
109 100
55 77
137 16
114 28
152 133
74 87
31 50
33 50
154 133
59 83
69 5
111 100
62 62
76 5
116 28
88 169
90 169
109 169
98 5
91 62
57 77
12 74
99 5
128 189
110 169
176 109
36 50
100 5
92 62
193 114
101 5
125 124
138 16
160 93
14 115
113 100
124 100
38 50
64 77
132 169
155 5
156 5
87 105
157 133
88 105
138 169
159 133
93 62
157 5
149 169
177 109
130 189
150 169
143 189
192 90
151 169
184 38
94 62
41 50
146 147
119 28
152 169
192 38
76 87
139 16
140 16
158 5
141 16
89 105
147 189
161 189
159 169
160 133
42 50
4 148
15 115
18 115
161 133
164 5
1 39
2 39
167 189
12 148
3 39
43 50
65 77
4 39
14 39
169 189
19 115
122 28
171 189
44 50
178 5
47 50
110 122
173 189
24 115
160 169
38 39
161 169
60 83
192 189
168 133
90 154
180 5
66 77
193 189
39 39
48 50
51 50
42 39
111 122
170 133
98 108
3 190
4 190
29 115
45 39
150 16
5 190
13 190
162 169
175 133
126 28
95 62
178 133
X
54 50
15 190
63 50
18 134
151 16
74 83
20 148
79 77
90 105
125 100
80 77
X
97 62
22 134
20 190
46 39
191 160
29 190
30 190
25 148
163 169
71 39
101 62
76 39
23 134
181 5
28 148
X
130 28
24 134
152 16
149 28
164 169
25 134
31 190
106 62
99 108
130 62
161 93
165 169
182 5
166 169
193 90
34 190
50 190
77 39
131 62
65 50
69 50
75 83
192 5
X
107 85
1 161
126 100
193 5
79 39
101 108
195 5
3 161
150 28
27 134
9 6
156 62
70 50
31 115
176 16
53 190
80 39
158 62
122 126
140 91
29 148
56 190
175 169
82 50
112 122
10 6
30 148
81 77
57 190
28 134
62 190
104 39
178 16
118 105
64 190
70 190
45 134
178 169
4 161
11 6
38 115
56 134
127 100
76 83
102 108
187 169
72 190
40 115
44 115
73 190
13 74
86 190
128 100
160 62
34 148
96 50
151 28
50 115
88 190
168 62
X
90 190
26 170
179 16
152 28
83 77
169 62
123 105
20 17
21 17
105 39
27 170
28 170
106 39
58 134
107 87
67 134
45 157
51 115
132 100
173 62
30 170
107 39
108 39
92 190
77 83
94 190
153 28
176 62
133 105
110 39
134 100
167 28
31 170
124 87
106 77
22 17
32 170
51 144
107 77
97 190
19 6
23 17
101 190
32 56
24 17
168 28
112 39
14 74
97 50
105 190
177 62
194 90
52 115
98 50
36 148
107 190
85 82
103 50
40 170
108 77
117 39
134 105
109 190
1 91
53 115
68 134
17 74
110 190
106 50
111 190
29 161
110 158
178 62
33 56
52 144
54 115
112 190
21 6
128 190
162 93
48 170
109 77
63 115
169 28
170 28
135 100
65 115
23 6
91 154
127 87
179 62
52 170
196 96
54 170
171 28
29 6
118 39
33 161
138 100
68 115
32 17
71 134
119 50
134 190
143 190
110 77
120 39
56 170
33 17
19 63
69 115
31 6
139 100
147 190
65 46
155 190
172 28
163 93
20 63
173 28
99 154
156 190
174 28
126 50
160 190
162 190
33 6
34 17
41 6
21 63
121 39
40 148
167 190
44 6
69 170
173 190
100 154
71 148
180 190
171 11
125 39
181 190
74 134
182 190
167 100
22 63
75 134
183 190
35 17
3 91
120 122
45 6
86 170
23 63
98 134
177 28
88 170
184 190
2 191
49 6
54 125
36 17
99 134
30 63
73 148
53 6
5 191
13 191
18 74
90 148
100 134
102 134
14 191
127 50
136 105
89 170
39 17
41 17
121 77
15 191
108 170
104 134
131 115
32 63
111 134
111 170
33 63
128 50
56 6
112 134
145 134
141 91
132 115
123 170
133 115
34 63
124 170
147 134
104 108
16 191
148 134
17 191
179 28
184 28
98 148
18 191
145 115
125 170
138 105
150 115
151 134
19 191
154 134
129 50
27 74
139 105
162 115
78 83
157 134
163 115
40 161
120 158
161 134
126 170
127 170
42 17
38 63
40 63
142 105
59 6
164 115
62 6
63 6
169 100
4 91
125 77
49 17
42 63
23 191
132 170
24 191
126 39
134 170
100 148
44 161
59 161
109 148
55 17
66 17
134 77
165 87
67 17
55 144
166 134
25 191
136 170
138 170
120 148
147 170
130 50
131 50
28 74
83 83
168 134
70 17
170 134
127 39
72 63
27 97
26 191
175 134
119 108
126 124
49 191
147 91
128 39
73 63
67 161
148 170
151 170
131 39
52 191
134 39
176 134
53 191
135 77
142 39
5 29
74 63
13 135
125 148
143 39
18 135
153 170
84 17
125 122
151 39
175 93
43 158
30 29
33 29
159 170
161 170
152 50
85 83
165 115
75 63
86 17
65 6
29 97
22 135
99 17
38 29
39 29
91 63
158 50
101 154
73 161
57 191
164 170
35 135
144 105
11 91
37 135
64 191
160 50
127 122
169 50
68 191
71 191
172 50
66 6
40 29
152 91
101 17
166 87
73 191
179 50
180 50
152 39
167 87
86 191
175 170
87 83
189 115
176 170
42 135
X
41 29
69 6
43 135
96 63
177 93
190 115
136 77
182 93
44 135
191 115
155 39
177 170
102 17
97 63
X
178 170
45 135
51 135
52 135
106 17
133 148
158 39
134 148
136 148
107 17
137 148
X
168 87
187 170
101 63
106 63
188 170
162 39
128 63
93 83
130 63
34 56
132 63
120 108
110 17
135 122
156 63
191 170
56 135
182 50
58 135
48 158
94 191
183 50
168 39
31 97
138 122
186 100
145 17
193 93
105 154
180 155
100 191
137 77
67 135
138 77
192 170
140 77
183 155
101 191
51 29
70 6
192 115
70 135
158 63
71 135
105 191
53 29
188 100
118 191
72 135
170 39
74 29
119 191
146 17
193 115
159 63
190 50
120 191
146 77
5 171
191 50
13 12
75 29
141 122
16 91
194 93
74 161
6 171
160 63
128 191
130 191
172 39
75 135
196 93
4 94
7 171
96 83
194 115
27 171
27 94
72 126
143 148
168 63
189 100
61 144
49 158
152 135
28 171
28 94
32 64
75 161
132 191
41 97
64 144
34 64
32 171
178 39
97 83
76 161
146 105
154 135
170 87
144 148
134 191
195 115
14 116
46 64
72 64
X
16 116
18 116
157 135
158 135
160 135
143 191
37 171
39 171
193 50
148 105
146 148
150 17
29 74
154 105
144 191
127 124
121 108
156 105
48 171
145 191
166 135
156 124
148 77
77 29
78 29
191 87
146 191
147 191
79 29
50 171
X
194 50
152 17
155 191
80 29
179 39
6 51
180 39
71 6
75 64
176 17
51 171
156 191
52 171
91 64
157 191
167 135
150 77
146 23
161 77
29 94
30 94
10 51
182 39
183 39
53 171
92 64
160 191
165 77
31 94
146 122
X
20 116
168 135
179 17
169 135
162 191
169 191
171 191
24 116
72 6
114 83
114 91
188 39
157 105
19 18
93 64
147 148
156 122
32 94
43 94
174 77
170 135
180 191
22 18
44 94
94 64
13 136
5 101
13 51
9 101
184 191
95 64
24 136
2 192
119 154
27 116
23 18
73 6
4 149
24 18
54 171
25 136
5 149
4 192
96 64
189 39
61 94
8 149
121 154
5 192
13 192
15 192
121 158
77 161
81 29
78 161
103 64
179 77
122 108
162 122
23 192
31 192
55 171
28 116
11 149
118 83
56 171
32 192
180 77
84 29
191 39
63 171
65 171
67 171
34 18
194 87
30 91
105 64
106 64
192 39
1 40
15 51
79 161
139 83
86 29
64 94
157 124
33 192
132 126
36 18
4 40
X
12 149
69 171
7 88
168 122
75 6
29 116
108 171
39 18
102 6
130 64
16 51
158 105
11 40
31 116
88 29
39 116
109 171
25 149
122 29
28 149
159 105
31 149
27 136
34 192
34 149
19 101
28 136
185 77
49 18
140 83
84 94
22 101
171 122
38 192
8 88
39 192
83 161
31 91
84 161
32 91
50 18
40 116
50 157
154 91
41 116
175 105
41 192
29 136
49 192
17 51
X
111 171
51 18
9 88
130 29
23 12
123 171
127 171
132 171
30 74
143 64
104 144
134 171
50 192
135 171
13 40
25 51
52 101
144 64
86 125
123 108
113 6
53 192
114 6
26 51
142 29
115 6
36 149
42 116
85 161
143 29
136 171
145 64
142 83
147 64
71 149
56 192
55 101
34 74
124 108
88 94
10 88
148 64
149 64
23 65
14 40
11 88
137 171
138 171
24 65
25 65
147 171
34 136
179 105
27 51
74 101
144 29
X
34 65
117 6
52 157
38 65
39 65
189 77
148 171
44 116
63 116
42 136
57 192
138 94
42 65
145 29
23 40
158 124
45 136
45 65
78 149
61 192
87 149
46 65
180 105
149 29
151 29
143 83
64 116
66 116
150 171
151 171
105 144
105 97
184 155
148 6
63 192
24 40
52 18
149 6
64 192
X
152 171
68 192
37 74
122 154
165 91
84 101
153 29
73 192
31 51
53 18
32 51
85 101
183 105
131 156
25 40
86 101
166 91
86 161
67 116
158 29
88 149
68 116
160 29
89 149
86 192
153 171
87 101
51 136
52 136
87 192
90 192
53 136
178 122
139 94
54 18
106 144
98 149
72 65
167 91
X
54 136
179 122
73 65
13 88
159 171
33 51
93 192
34 51
99 149
94 192
55 136
186 105
101 192
161 83
164 171
180 122
56 136
74 65
33 88
136 108
75 65
93 65
67 136
105 192
150 6
123 154
35 51
166 171
151 6
129 65
68 136
26 40
15 106
71 136
X
161 29
110 85
55 18
167 29
175 171
88 101
164 6
27 40
37 88
28 40
106 192
70 18
190 77
107 192
186 171
169 29
187 171
172 29
118 192
X
121 192
145 116
37 51
150 116
128 192
165 6
16 106
38 51
62 97
190 171
161 116
68 121
166 6
130 65
131 65
41 88
87 18
29 40
192 171
28 46
191 77
129 192
11 78
3 172
143 65
145 65
130 192
100 149
166 83
131 192
142 94
108 157
132 192
5 172
100 18
103 161
17 78
133 192
74 136
159 124
89 101
47 51
163 116
101 149
134 192
27 172
174 29
105 161
175 11
155 192
157 192
147 94
29 106
116 144
160 192
36 172
103 149
149 94
179 29
167 6
38 40
102 18
182 122
154 94
41 40
69 121
106 18
182 29
162 192
31 106
172 6
49 88
111 149
50 51
167 192
24 78
51 51
40 172
159 94
25 78
149 65
165 116
168 65
161 124
113 149
169 192
161 94
169 65
128 154
170 65
26 78
74 126
170 192
110 18
34 106
172 65
5 121
63 172
64 172
173 65
171 192
79 136
186 65
172 192
173 6
90 101
81 136
190 116
54 157
173 192
52 51
117 144
193 116
108 161
65 172
195 116
63 51
180 192
83 136
66 172
183 192
135 18
184 192
176 83
67 172
189 192
4 117
36 106
5 117
50 88
84 136
93 136
191 192
68 172
192 29
175 6
163 94
193 29
151 136
193 192
2 193
42 40
110 161
5 193
177 83
13 193
27 78
136 18
98 172
7 117
14 193
15 193
187 65
17 7
64 51
23 193
23 7
14 117
120 149
24 117
189 65
26 117
154 136
175 94
43 40
157 136
161 136
5 30
52 88
29 7
138 18
99 172
190 65
135 126
42 82
77 51
100 172
46 40
45 106
132 156
69 56
31 7
4 123
137 108
33 7
46 106
120 161
109 157
26 193
101 172
183 136
145 18
178 83
102 172
78 51
6 30
70 121
30 193
162 124
184 136
104 101
32 193
38 193
105 101
90 51
185 136
177 94
7 30
104 172
52 117
48 106
168 91
123 172
8 30
41 193
9 30
50 78
40 74
49 193
130 154
53 88
126 172
57 193
161 172
41 7
49 40
10 30
33 30
91 51
146 18
51 78
42 7
50 40
68 193
51 40
52 78
25 66
30 66
45 7
170 91
55 117
52 40
121 149
48 7
123 161
92 51
163 172
178 124
X
73 193
132 154
130 161
164 172
148 18
53 78
67 46
5 123
149 18
54 78
165 172
31 66
54 40
166 172
151 18
180 124
55 40
33 66
49 7
137 154
86 193
38 30
89 193
65 117
95 51
152 18
98 51
90 193
41 30
49 30
68 117
56 157
55 78
56 88
91 193
175 172
94 193
98 193
176 172
49 106
124 149
125 149
87 125
100 193
54 106
158 18
101 193
50 30
118 193
186 136
41 74
119 193
187 136
51 30
177 172
66 40
56 78
34 66
103 51
110 101
53 7
3 137
120 193
159 18
105 51
38 66
52 30
118 144
57 78
121 193
6 123
42 74
67 40
155 193
42 66
55 7
4 137
6 137
43 66
178 172
186 172
46 66
X
7 123
187 172
56 7
69 40
60 88
16 137
188 172
189 172
59 7
72 66
70 40
71 40
146 117
55 106
133 149
64 7
121 78
180 94
157 193
189 193
191 193
43 74
53 30
75 66
17 137
22 137
91 40
193 193
66 7
24 137
122 78
115 51
92 40
2 194
96 66
27 137
70 56
94 40
143 66
44 74
69 7
74 30
116 51
118 51
190 172
117 40
111 101
181 124
125 51
3 194
160 18
191 172
137 149
124 78
126 51
132 161
182 94
23 194
149 66
56 106
29 137
147 117
120 144
75 7
86 7
122 158
87 82
161 18
8 123
186 66
79 30
81 30
84 30
169 18
112 101
71 88
175 91
72 88
85 30
57 106
188 66
26 194
73 88
190 66
170 18
37 137
30 194
171 18
146 149
43 137
172 18
87 30
87 7
44 137
76 88
192 172
81 88
129 51
65 106
88 7
32 194
94 30
45 137
34 194
3 173
152 51
113 101
11 67
12 67
38 194
1 95
134 101
51 137
3 95
95 30
66 106
173 18
121 40
96 30
14 67
138 154
40 194
137 101
41 194
176 18
148 149
133 161
8 150
53 137
160 51
56 137
177 18
89 7
16 67
179 83
131 40
82 88
9 150
67 137
178 18
138 161
5 173
75 137
90 7
49 194
97 30
133 40
51 194
98 7
12 150
150 117
138 108
4 95
139 101
179 18
98 30
17 67
17 121
180 83
139 154
7 173
53 194
128 30
169 51
21 67
187 18
146 78
23 67
130 30
79 137
83 88
141 40
55 194
84 137
154 101
170 51
155 101
85 137
25 67
71 56
161 117
38 67
100 7
171 51
88 125
92 137
142 40
39 67
95 137
57 194
142 30
172 51
102 7
17 123
179 51
157 101
27 173
143 40
148 78
151 137
181 83
176 91
42 67
152 137
18 123
141 161
154 137
45 67
21 150
157 137
68 194
69 194
158 137
149 78
163 117
188 18
121 144
145 30
145 40
146 40
160 137
67 157
27 95
19 123
159 78
117 7
161 137
183 51
149 30
190 51
70 194
189 126
165 117
69 106
46 67
184 137
84 88
122 144
147 7
110 157
6 52
X
70 106
18 121
36 173
147 40
75 121
187 137
98 88
160 78
151 40
37 173
99 88
190 18
161 78
31 95
24 123
7 84
159 40
140 154
22 150
71 194
72 194
7 52
151 30
163 108
33 95
73 194
39 173
172 108
8 84
115 91
41 95
162 78
40 173
151 7
52 67
25 150
176 117
177 117
163 78
171 7
X
162 40
86 194
188 137
164 78
168 40
71 106
182 124
54 67
44 95
75 106
9 84
55 67
28 150
175 7
17 8
172 40
133 144
6 138
191 18
87 194
192 18
147 161
185 155
19 121
178 117
22 138
90 194
51 173
56 67
X
72 67
180 117
24 138
27 138
153 30
193 18
8 52
78 106
29 138
181 117
188 40
93 194
158 101
192 40
100 88
188 117
19 8
73 67
34 138
102 88
94 194
52 173
21 8
180 91
97 194
103 88
19 19
107 88
53 173
50 74
9 52
24 19
158 30
150 161
193 117
118 194
25 123
23 8
29 150
30 150
37 138
135 144
114 85
41 46
103 125
32 19
34 19
39 19
26 123
49 150
10 52
41 19
X
74 67
70 46
51 138
156 154
53 138
108 88
54 173
2 41
121 194
3 41
161 30
42 19
141 194
4 41
61 95
142 194
144 194
164 161
55 173
27 123
167 30
50 158
169 30
109 88
65 19
13 52
155 194
51 74
159 101
50 150
75 67
127 88
58 138
89 173
90 173
X
23 41
156 194
147 88
172 30
93 67
X
51 150
148 88
174 30
157 194
158 194
62 95
94 67
31 8
28 123
95 67
96 67
91 173
52 150
53 150
166 101
98 173
175 78
100 173
17 52
178 30
186 155
67 138
159 194
70 19
177 78
160 194
179 30
25 41
102 173
55 150
180 30
71 150
98 67
63 95
24 12
25 52
31 123
116 67
72 150
162 194
165 194
32 8
69 138
136 144
28 41
25 12
29 41
166 161
166 194
167 194
102 106
73 150
28 52
159 154
74 150
192 126
169 194
173 194
104 173
49 8
181 30
123 173
33 91
178 78
71 138
55 74
32 123
188 78
175 194
117 67
84 19
85 19
87 19
189 78
176 194
73 138
195 117
31 52
4 118
60 8
33 52
62 8
75 138
177 194
103 106
181 194
63 8
79 138
182 30
190 78
118 67
182 91
X
64 8
183 30
127 173
8 118
65 8
75 150
120 67
149 88
191 78
184 194
135 173
124 67
16 156
189 194
14 118
167 161
137 173
96 19
69 8
82 138
125 67
104 106
76 150
127 67
138 173
191 194
150 88
48 52
70 8
193 194
23 195
39 41
24 195
192 30
97 19
168 161
139 173
77 150
128 67
140 173
18 118
83 138
172 161
194 30
51 52
71 8
196 30
42 41
78 150
25 195
84 138
54 52
92 138
169 101
129 67
141 173
20 118
192 78
45 41
46 41
26 195
93 138
30 195
86 8
88 8
162 154
31 195
32 195
X
90 8
55 52
193 78
159 173
164 173
51 41
33 195
98 8
130 67
151 88
95 138
123 106
90 52
34 195
143 67
108 125
41 195
166 173
188 11
26 118
92 52
152 88
147 158
49 195
50 195
53 41
110 138
145 67
4 174
99 8
147 67
102 8
149 67
51 195
175 161
32 31
113 8
175 108
5 174
52 195
111 138
X
178 101
6 174
10 84
116 8
98 19
100 150
186 67
194 78
188 67
55 41
137 144
103 150
11 84
53 195
37 91
90 41
112 150
92 41
181 101
21 84
112 138
99 19
57 74
29 118
33 31
54 195
55 195
31 118
7 174
141 144
33 123
11 79
68 46
113 150
23 84
17 156
113 138
190 67
118 85
56 195
100 19
142 106
177 108
95 52
101 19
86 195
102 19
165 88
94 41
117 41
94 195
164 154
15 79
11 68
118 41
99 195
179 108
64 95
16 174
66 121
100 195
101 195
143 144
35 31
38 31
97 52
118 195
53 118
119 195
54 118
166 88
17 174
120 41
16 68
182 101
190 101
133 150
6 102
106 19
18 174
117 8
134 138
24 79
8 102
121 41
181 108
120 195
167 88
141 195
9 102
98 52
115 52
185 91
135 138
131 41
166 154
12 102
25 84
28 174
107 19
39 31
108 19
137 138
125 52
1 162
143 195
174 154
138 41
127 52
40 31
84 95
41 31
85 95
139 41
140 41
126 8
31 174
157 138
161 138
169 138
141 41
74 97
170 138
135 150
145 195
155 195
36 174
171 138
109 19
40 174
56 118
51 174
57 118
21 68
13 102
175 154
127 8
26 79
27 84
149 8
142 41
22 68
134 19
143 41
186 88
126 109
144 41
23 68
53 174
157 195
172 138
183 124
143 106
161 195
55 174
65 118
14 102
62 31
18 156
173 138
87 95
91 118
128 52
162 195
114 95
34 123
130 52
187 88
167 195
188 88
75 174
24 68
76 174
25 68
174 138
138 19
131 52
173 195
180 195
151 8
184 195
188 91
189 195
190 195
38 68
115 95
63 31
92 118
77 174
29 109
193 195
38 196
78 174
145 19
176 138
177 138
19 102
46 68
141 52
147 19
93 118
39 196
41 84
155 8
176 154
64 31
156 8
52 68
41 123
46 84
40 196
X
41 196
54 68
144 106
86 196
88 196
92 174
151 41
136 150
28 79
108 118
90 196
98 174
157 8
152 41
137 150
142 52
56 68
20 102
150 19
65 31
158 8
177 154
92 196
42 123
141 196
182 138
143 52
21 102
159 8
185 138
146 144
141 150
142 150
145 196
186 138
158 41
145 52
83 68
160 8
162 41
187 138
84 68
146 52
3 139
104 174
50 79
44 123
123 174
155 196
52 79
126 174
117 95
66 31
161 8
85 68
4 139
127 174
156 196
152 19
165 196
5 139
169 196
135 174
168 41
31 109
173 196
170 41
52 102
109 118
86 68
34 109
191 88
X
147 52
6 139
74 31
11 139
171 8
137 174
12 139
13 139
158 19
160 19
171 41
148 52
153 52
X
14 139
162 19
87 68
174 8
22 139
56 79
76 31
24 139
172 41
169 19
177 196
171 19
17 125
110 118
88 68
96 68
X
57 79
143 150
173 19
111 118
144 150
98 68
102 68
112 118
181 196
25 139
159 52
103 68
64 74
79 31
18 125
145 150
160 52
139 174
183 196
26 139
184 196
146 150
86 197
188 41
175 8
27 139
168 52
147 150
4 151
1 24
144 118
193 88
104 68
28 139
87 197
188 8
190 41
141 174
19 156
78 126
194 88
45 123
5 151
118 95
176 19
46 123
137 95
81 31
19 125
159 174
105 68
93 79
191 41
29 139
10 89
94 31
11 89
107 68
35 139
138 95
25 125
160 174
161 174
94 79
98 31
47 123
116 68
192 41
179 19
88 197
145 118
189 19
172 52
90 197
91 197
92 197
162 174
104 31
191 19
105 31
4 42
93 197
94 197
14 42
118 68
163 174
51 158
36 139
193 19
95 79
174 52
189 8
106 31
124 68
141 197
142 197
146 118
126 68
51 139
8 151
143 197
53 102
54 102
107 31
24 20
34 20
12 89
148 144
20 121
128 68
35 20
165 174
166 174
88 123
180 52
36 20
11 151
36 109
144 197
145 197
191 8
189 174
52 139
15 42
51 20
141 95
130 68
190 174
147 118
145 106
149 118
108 31
13 89
165 197
70 125
167 197
150 118
191 174
12 151
143 68
161 118
19 151
162 118
182 52
145 68
178 154
96 79
53 139
168 197
179 154
16 42
97 79
54 139
191 52
21 151
163 118
169 197
52 20
180 154
27 125
24 121
148 68
173 197
174 197
143 95
109 31
192 174
23 42
175 197
183 154
66 74
54 20
192 52
23 151
55 139
193 174
176 197
177 197
56 20
38 91
24 42
12 175
16 175
X
25 42
24 151
18 175
4 162
65 102
146 106
178 109
36 175
56 139
164 118
165 118
33 162
40 162
11 9
110 31
57 139
137 156
121 79
125 79
149 68
69 74
111 31
X
58 139
14 89
176 118
15 89
X
66 20
X
67 139
X
X
49 109
37 175
49 84
194 52
17 9
89 123
155 68
154 144
156 68
13 53
181 118
182 118
25 151
38 175
X
26 42
50 84
19 9
112 31
122 31
50 151
67 20
90 123
X
93 123
39 175
68 139
X
27 42
20 9
157 68
186 68
41 162
X
28 42
16 89
X
147 95
52 151
53 175
148 106
187 68
51 84
72 56
176 79
188 68
66 102
73 56
67 102
55 175
68 102
159 33
189 68
43 162
103 123
38 42
188 118
71 139
44 162
X
X
39 91
72 139
69 102
190 68
190 118
123 31
14 53
124 31
11 69
21 9
54 151
157 106
12 69
14 69
73 139
61 175
126 31
128 31
74 139
22 9
X
191 118
75 139
186 154
148 95
15 69
32 89
92 139
16 53
17 53
46 42
56 151
187 154
25 53
26 53
70 102
62 175
192 118
150 95
X
193 118
23 9
194 118
X
95 139
64 175
X
X
71 74
49 42
129 31
16 69
55 42
38 69
21 156
68 20
73 151
65 175
155 144
66 175
68 175
43 46
71 102
45 9
75 175
59 162
179 79
110 139
159 106
75 102
47 9
40 69
86 158
113 139
46 69
195 118
77 121
160 106
70 20
28 125
27 53
52 84
76 102
X
X
31 53
189 79
77 151
52 69
84 20
52 158
86 9
X
33 53
37 89
135 139
88 9
137 139
188 154
X
49 89
157 139
87 20
161 106
38 53
X
190 79
104 123
90 42
94 42
88 69
56 89
4 119
158 139
159 139
117 42
92 175
121 42
X
78 151
193 126
100 151
103 151
47 53
130 31
53 84
1 92
92 69
134 20
160 139
5 119
162 106
56 84
131 42
169 139
93 69
119 151
X
120 151
113 9
55 53
171 139
163 106
54 109
133 42
78 102
25 121
84 102
X
X
7 119
88 53
16 155
135 20
X
90 53
94 69
142 31
95 69
169 106
14 119
143 31
151 95
137 20
144 31
191 79
149 31
100 175
117 9
96 69
120 9
97 69
15 119
138 20
102 175
104 175
111 175
92 53
194 79
145 20
173 139
102 69
107 69
86 102
122 151
16 119
95 53
147 20
118 69
150 20
123 151
57 89
133 126
112 175
113 175
120 69
114 175
121 9
175 139
11 80
134 42
152 95
41 91
79 74
12 80
115 175
X
X
150 31
124 69
13 80
88 102
177 139
127 9
184 139
130 69
135 9
153 95
123 175
14 80
154 95
157 69
98 53
17 119
127 175
X
106 123
178 69
107 123
187 139
135 175
152 20
X
3 140
137 102
18 119
57 109
108 123
138 42
58 89
6 140
158 20
142 42
170 106
X
143 42
179 69
151 31
155 42
69 46
19 119
10 140
X
159 95
X
152 31
X
158 42
181 69
60 84
159 42
141 175
13 70
188 175
21 155
171 106
184 151
161 42
161 95
153 31
193 175
16 70
14 140
74 157
X
X
137 9
39 70
X
1 176
2 176
X
22 140
20 119
24 119
3 176
X
24 140
27 140
115 53
X
26 119
158 31
X
116 53
28 121
138 9
75 109
X
109 123
139 102
61 162
142 102
185 151
4 176
40 70
11 176
12 176
187 151
82 74
13 176
159 31
117 53
160 20
27 119
162 42
63 162
15 176
169 20
31 155
41 70
X
139 9
42 70
18 176
160 31
1 43
120 123
X
51 140
140 9
51 176
59 89
161 31
3 43
77 46
167 31
X
16 80
87 97
4 43
143 53
141 9
69 89
83 84
122 123
146 53
156 144
171 20
54 158
53 140
148 53
X
84 84
147 9
52 176
53 176
17 80
83 74
61 176
143 102
29 119
67 162
157 144
148 9
X
63 176
85 84
172 106
176 106
86 84
71 89
84 74
X
57 140
13 43
70 91
168 31
70 162
31 119
42 119
32 155
X
127 109
58 140
17 43
81 140
43 70
173 20
150 9
X
152 53
163 95
44 70
176 20
125 123
25 43
66 176
151 9
43 119
106 74
71 162
X
177 20
84 140
188 151
170 31
72 162
178 20
172 31
155 9
68 176
74 89
44 119
155 53
46 119
4 152
X
187 20
X
76 176
12 152
28 43
26 80
193 20
2 21
47 119
X
89 176
31 125
173 31
92 176
3 21
76 89
92 140
144 102
38 43
87 84
145 102
93 140
174 31
157 9
51 119
98 176
73 162
46 70
95 140
106 140
160 9
99 176
110 140
100 176
101 176
171 9
157 53
175 9
52 70
52 119
X
93 84
179 31
42 43
4 21
53 70
X
179 106
138 156
X
16 152
147 102
X
X
X
111 140
20 21
X
55 119
X
102 176
183 31
97 84
107 74
44 43
103 176
57 119
159 157
112 140
X
110 176
169 144
107 84
46 43
54 70
76 109
49 43
113 140
177 144
X
74 162
X
116 140
23 21
24 21
X
160 53
55 70
192 31
112 176
192 144
108 84
75 162
117 140
192 9
6 10
51 43
X
53 43
56 70
17 152
7 10
175 95
90 43
116 176
194 31
109 84
168 53
176 95
51 21
68 119
81 89
11 10
X
69 70
53 21
123 176
41 156
X
169 53
20 32
124 176
X
69 119
70 70
18 152
X
21 32
148 102
79 121
X
13 10
118 140
X
127 123
X
83 70
84 89
20 152
X
76 162
182 106
135 123
119 140
72 125
174 157
108 74
120 140
75 119
22 32
121 140
X
133 140
X
75 157
X
171 53
X
77 119
172 53
55 21
91 89
57 21
88 70
X
X
135 140
91 43
92 89
136 123
84 21
X
122 125
X
X
41 10
X
93 89
125 176
28 80
126 176
X
154 102
X
21 152
173 53
71 91
102 70
127 176
88 97
92 43
85 21
135 176
137 140
94 43
78 119
174 53
179 53
42 10
23 32
33 155
X
X
169 140
177 140
22 152
X
107 70
177 95
73 125
6 24
X
X
118 43
137 176
29 32
187 140
76 157
86 21
117 70
118 70
30 32
43 156
X
119 70
139 176
139 156
141 176
77 109
50 80
94 89
93 82
3 141
120 70
44 10
31 152
183 53
78 109
X
119 43
151 176
51 80
124 70
13 54
152 176
126 70
31 54
X
166 102
121 74
5 141
79 119
130 70
102 89
32 54
183 106
120 43
33 54
86 119
X
X
X
178 95
47 10
168 102
32 152
48 10
6 141
104 89
121 43
X
134 21
34 54
110 84
143 43
52 80
35 54
154 176
49 10
33 152
34 152
X
X
122 74
21 24
35 152
12 141
X
87 119
X
146 21
134 70
93 119
107 119
148 21
83 162
150 21
186 106
151 21
151 43
85 162
188 106
155 176
156 176
141 123
14 141
112 119
35 32
51 32
X
23 24
140 156
34 155
36 54
142 123
135 70
143 123
87 162
165 176
86 10
52 32
37 54
22 141
53 32
74 80
152 21
X
56 152
47 54
35 56
23 141
168 176
X
71 152
49 54
24 141
51 54
158 21
114 89
35 155
159 21
11 92
X
X
160 21
103 162
53 54
25 141
X
125 119
26 141
28 141
16 92
126 119
144 123
88 10
X
127 119
136 70
181 95
X
72 152
X
122 85
29 141
55 54
51 141
194 95
124 85
X
77 54
176 157
52 141
89 10
114 84
41 155
X
75 80
53 141
161 21
169 176
X
81 141
169 102
123 74
X
189 106
162 21
135 119
170 176
152 43
154 43
82 141
X
29 121
116 89
118 84
124 84
X
104 162
73 152
172 176
190 106
77 80
78 54
137 70
X
188 176
90 10
138 70
X
136 119
155 43
42 155
54 32
139 70
83 141
84 141
140 70
55 32
X
193 176
100 152
X
85 141
125 84
13 44
137 119
56 32
11 177
12 107
57 32
X
X
32 125
146 123
79 54
113 10
X
X
114 10
16 107
170 21
X
117 89
67 32
171 21
X
156 156
173 21
141 70
126 84
196 95
X
86 141
154 70
124 74
124 89
X
X
74 32
80 54
175 102
155 70
157 70
187 21
125 89
74 125
189 21
75 32
76 32
191 21
177 102
27 96
72 91
126 89
X
78 80
77 32
103 141
177 70
81 54
X
X
X
179 70
13 177
86 109
181 70
16 177
179 102
43 155
127 89
14 44
4 71
18 177
128 89
156 123
16 44
17 44
93 80
102 152
61 177
79 125
87 109
116 10
88 54
25 44
89 54
193 21
33 96
29 107
117 10
28 44
62 177
5 71
31 107
41 96
1 22
127 84
90 54
120 10
71 92
X
148 158
38 44
30 121
97 80
121 10
79 32
110 141
6 71
138 119
34 107
122 10
141 119
113 141
87 158
80 32
114 80
81 32
X
X
X
105 162
129 89
142 119
181 102
39 44
123 10
85 32
143 119
X
103 152
124 10
92 54
X
63 177
133 141
45 156
125 74
144 119
104 152
7 71
106 162
105 152
8 71
64 177
136 89
116 80
137 89
87 32
88 32
146 119
94 32
136 141
96 32
X
117 80
X
X
44 155
119 152
X
128 84
98 32
X
65 177
66 177
168 119
X
67 177
153 84
95 54
X
6 22
48 156
76 92
68 177
193 144
41 44
X
121 152
75 177
104 32
91 92
42 44
137 152
150 158
107 162
81 46
169 119
43 44
33 125
194 144
96 54
44 44
X
118 80
X
106 32
79 177
154 84
36 107
90 177
45 44
91 177
92 177
X
110 177
16 71
X
X
X
49 155
170 119
97 54
64 71
X
88 109
137 141
171 119
108 32
179 119
X
158 123
34 125
180 119
X
74 56
X
77 56
188 119
110 32
190 119
X
134 74
183 102
42 121
136 74
116 177
138 89
65 71
135 177
98 54
51 22
69 71
X
57 22
X
71 71
186 102
125 10
194 119
X
139 89
136 177
137 177
83 71
138 177
159 156
X
X
X
138 152
169 141
139 177
52 155
141 177
139 152
45 107
84 71
X
42 96
112 32
140 152
140 89
34 145
195 119
187 102
59 156
126 10
X
55 155
162 123
85 71
145 32
102 71
158 32
139 74
4 120
173 141
190 102
126 125
176 141
177 141
44 96
184 141
X
141 74
105 71
162 152
46 44
151 177
X
163 152
127 10
X
110 162
186 141
107 71
131 54
124 71
125 71
X
8 120
X
187 141
X
91 22
189 141
126 71
127 71
10 142
11 142
156 177
12 142
128 71
168 123
129 71
X
X
49 44
117 162
24 120
165 177
121 80
13 142
167 177
166 152
155 84
161 32
159 74
135 10
64 96
134 54
X
50 44
14 142
X
X
39 142
170 177
5 103
142 54
141 89
74 96
X
40 142
51 44
130 71
122 80
179 109
93 22
140 10
X
180 177
124 80
26 120
147 89
125 80
149 89
54 107
140 80
167 32
X
41 142
94 22
X
9 103
134 71
143 54
134 22
144 54
13 24
X
183 152
136 71
135 22
141 10
170 123
139 71
154 89
169 32
188 152
165 89
161 84
80 142
52 44
181 177
164 158
53 44
155 10
X
141 71
154 71
170 89
X
X
X
157 71
36 145
X
89 109
X
81 142
137 22
56 155
84 142
12 103
X
29 120
156 10
16 103
138 22
157 10
145 22
160 74
86 142
31 120
7 85
4 153
124 97
103 142
X
6 153
172 32
38 126
59 155
X
179 71
182 177
X
X
8 153
X
147 22
185 89
X
10 153
39 145
118 162
X
X
54 44
183 177
143 80
151 22
145 54
95 97
158 10
42 120
68 44
147 54
90 109
104 142
119 162
174 32
57 107
148 54
X
76 107
12 85
159 10
162 74
12 153
176 80
56 158
181 71
X
4 72
177 32
160 10
178 32
X
70 44
152 22
152 54
X
179 32
77 107
171 10
59 158
19 103
188 89
76 96
105 142
153 54
81 44
77 157
179 80
29 103
60 155
19 153
159 54
172 10
82 44
174 10
X
192 32
47 120
138 44
143 44
106 142
110 142
8 72
191 177
13 72
192 177
30 103
3 178
188 10
X
41 145
5 178
191 89
31 103
191 10
189 80
61 155
14 72
63 155
112 142
193 32
11 178
160 54
55 145
194 32
78 107
32 103
192 10
194 80
73 91
51 120
13 178
179 54
16 178
20 153
96 97
74 91
X
180 54
6 11
X
21 153
195 32
24 81
7 11
33 103
163 74
18 178
X
121 162
15 72
34 103
194 89
35 103
121 142
196 32
31 153
33 153
20 33
13 45
23 33
13 55
27 81
14 55
16 72
16 55
X
81 126
29 33
X
17 72
17 55
192 11
154 142
9 11
155 142
12 90
28 72
91 107
X
30 33
64 72
36 103
63 178
94 92
X
13 90
10 11
65 72
64 155
X
187 22
122 162
X
188 22
92 109
66 178
78 46
171 123
189 22
123 162
68 178
164 74
156 142
169 142
75 178
11 11
28 81
66 72
31 33
X
31 55
93 109
74 81
52 120
92 107
172 142
67 72
79 178
35 153
129 162
165 74
84 96
173 142
110 178
33 55
76 81
25 45
34 33
51 33
68 72
52 103
114 178
65 103
116 178
151 178
168 74
26 45
138 162
53 120
97 97
69 72
36 55
X
69 103
93 107
38 55
X
97 107
49 153
177 123
177 142
47 55
55 120
53 33
52 153
55 33
56 120
X
X
165 178
X
16 90
70 72
191 22
57 120
27 45
174 156
192 22
X
71 72
78 81
X
82 72
48 55
X
83 72
84 72
97 82
X
56 153
88 158
193 22
X
86 72
X
71 103
87 72
37 90
137 96
178 123
183 142
102 72
65 120
51 90
12 11
98 107
13 11
50 55
68 120
61 156
99 153
61 11
X
1 23
166 178
83 81
6 23
103 153
103 72
63 11
X
57 33
51 23
105 153
67 33
167 178
84 103
47 121
41 125
53 23
104 72
62 145
119 153
90 103
79 157
X
107 72
X
51 55
132 103
70 120
139 162
108 72
52 55
X
123 153
X
28 45
54 55
55 55
29 45
184 142
X
76 91
168 178
X
134 72
55 23
X
169 178
X
187 142
84 81
140 162
77 55
92 91
77 120
65 11
86 120
170 178
66 11
X
133 103
X
63 45
99 109
171 178
27 85
135 72
91 23
X
64 45
X
181 123
85 81
X
135 103
74 33
86 81
76 33
113 11
189 142
68 45
136 103
117 11
81 33
52 90
53 90
81 55
X
78 56
172 178
6 12
87 81
94 81
70 45
X
102 97
76 45
136 72
192 142
85 33
77 45
104 109
93 91
120 11
94 91
96 81
137 72
180 156
180 178
87 33
81 45
87 120
97 81
137 103
169 74
105 55
X
89 33
X
138 72
193 142
139 72
122 11
83 45
195 142
141 162
X
X
138 96
147 162
124 45
183 178
126 45
43 85
102 107
95 33
X
X
X
96 33
118 81
88 120
183 123
138 103
42 125
34 143
139 103
89 120
140 72
141 72
178 157
106 55
39 143
125 11
X
154 72
155 72
139 81
93 23
156 72
91 120
41 143
X
157 72
63 145
141 81
127 45
128 45
128 153
92 120
143 81
107 120
61 143
X
X
129 45
62 143
142 103
97 33
127 11
63 143
95 23
X
X
130 45
64 143
129 153
71 90
98 91
108 55
138 45
144 103
135 11
112 120
80 143
110 55
130 153
136 11
63 156
148 103
176 81
139 45
177 81
140 45
X
137 11
138 11
131 55
141 55
168 72
81 143
120 120
46 85
X
170 72
143 55
121 109
83 143
X
X
148 55
125 97
121 120
122 23
170 74
154 103
X
17 124
123 23
148 162
84 143
171 72
152 55
141 45
65 156
189 178
85 143
190 178
191 178
X
X
125 120
86 143
192 178
98 33
193 178
160 55
103 143
149 162
106 143
104 33
116 143
122 109
119 143
124 23
60 158
127 120
125 23
185 74
177 72
X
178 72
112 33
159 103
135 120
172 162
120 143
13 56
179 72
194 178
126 23
142 33
X
142 45
127 23
166 103
143 45
1 179
20 124
139 96
139 11
121 143
141 120
144 120
3 179
178 81
X
143 33
6 46
144 33
146 120
12 179
145 33
49 85
141 143
128 23
X
142 143
7 46
179 81
64 145
169 103
158 33
129 23
131 153
156 120
91 156
17 56
8 46
80 1
82 1
88 1
127 1
128 1
156 1
158 1
42 2
43 2
44 2
59 2
61 2
70 2
74 2
76 2
167 2
178 2
9 3
41 3
45 3
61 3
72 3
73 3
76 3
156 3
164 3
178 3
191 3
56 4
80 4
90 4
180 4
9 5
71 5
74 5
102 5
167 5
179 5
191 5
194 5
12 6
17 6
46 6
60 6
61 6
64 6
74 6
76 6
98 6
100 6
116 6
147 6
171 6
174 6
54 7
61 7
71 7
76 7
113 7
149 7
29 8
30 8
33 8
41 8
59 8
61 8
66 8
100 8
101 8
114 8
125 8
147 8
162 8
172 8
190 8
192 8
12 9
13 9
18 9
41 9
43 9
49 9
90 9
125 9
136 9
149 9
162 9
188 9
43 10
45 10
46 10
87 10
137 10
161 10
162 10
175 10
189 10
8 11
62 11
64 11
11 12
61 12
78 12
95 12
98 12
120 12
127 12
174 12
175 12
191 12
97 13
101 13
108 13
125 13
157 13
162 13
8 14
9 14
11 14
13 14
50 14
55 14
79 14
97 14
99 14
127 14
138 14
162 14
191 14
6 15
41 15
51 15
65 15
67 15
80 15
136 15
155 15
159 15
6 16
24 16
25 16
27 16
42 16
64 16
106 16
110 16
142 16
177 16
19 17
25 17
40 17
51 17
53 17
65 17
85 17
87 17
97 17
98 17
100 17
109 17
32 18
42 18
65 18
84 18
96 18
97 18
134 18
137 18
147 18
150 18
162 18
189 18
36 19
40 19
86 19
110 19
187 19
19 20
32 20
33 20
53 20
55 20
57 20
65 20
69 20
162 20
179 20
1 21
5 21
6 21
19 21
21 21
22 21
87 21
138 21
145 21
147 21
149 21
169 21
172 21
92 22
95 22
190 22
57 23
138 23
145 23
147 23
4 24
5 24
17 24
22 24
24 24
101 24
105 24
116 24
122 24
124 24
137 24
138 24
4 25
17 25
21 25
92 25
94 25
101 25
113 25
115 25
184 25
24 26
33 26
126 26
130 26
169 26
178 26
182 26
184 26
33 27
39 27
75 27
99 27
122 27
180 27
5 28
23 28
32 28
33 28
41 28
53 28
88 28
104 28
105 28
113 28
115 28
117 28
118 28
123 28
129 28
182 28
10 29
49 29
76 29
159 29
177 29
184 29
194 29
195 29
196 29
30 30
76 30
86 30
88 30
122 30
124 30
126 30
177 30
184 30
30 31
31 31
34 31
67 31
96 31
125 31
127 31
145 31
169 31
171 31
177 31
184 31
196 31
33 32
62 32
78 32
86 32
89 32
142 32
32 33
33 33
35 33
62 33
79 33
94 33
169 33
174 33
20 34
57 34
62 34
65 34
66 34
78 34
79 34
80 34
104 34
108 35
181 35
184 35
191 35
14 36
43 36
67 36
76 36
77 36
111 36
144 36
161 36
178 36
182 36
184 36
192 36
14 37
80 37
112 37
117 37
121 37
127 37
155 37
188 37
189 37
192 37
66 38
76 38
80 38
110 38
151 38
170 38
178 38
188 38
11 39
66 39
78 39
109 39
111 39
144 39
147 39
154 39
181 39
184 39
12 40
53 40
68 40
90 40
93 40
132 40
134 40
144 40
155 40
158 40
161 40
170 40
1 41
38 41
49 41
134 41
154 41
155 41
169 41
189 41
1 42
13 42
17 42
92 42
132 42
141 42
151 42
160 42
2 43
40 43
55 43
93 43
117 43
138 43
153 43
40 44
55 44
69 44
83 44
17 45
30 45
125 45
14 46
17 46
30 46
42 46
63 46
64 46
66 46
170 46
6 47
25 47
65 47
70 47
83 47
117 47
127 47
167 47
9 48
13 48
17 48
44 48
49 48
51 48
53 48
55 48
68 48
167 48
172 48
181 48
190 48
10 49
55 49
63 49
70 49
118 49
119 49
179 49
7 50
25 50
55 50
76 50
78 50
83 50
95 50
115 50
154 50
156 50
14 51
28 51
36 51
55 51
65 51
76 51
88 51
89 51
104 51
106 51
119 51
131 51
173 51
174 51
194 51
36 52
38 52
47 52
88 52
96 52
119 52
126 52
129 52
144 52
152 52
156 52
169 52
179 52
183 52
190 52
193 52
28 53
36 53
118 53
119 53
141 53
156 53
170 53
17 54
38 54
91 54
132 54
133 54
141 54
146 54
156 54
181 54
182 54
183 54
49 55
53 55
107 55
109 55
134 55
146 55
110 56
119 56
121 56
125 56
131 56
143 56
156 56
167 56
169 56
192 56
193 56
196 56
197 56
16 57
81 57
121 57
146 57
153 57
169 57
193 57
68 58
74 58
77 58
106 58
132 58
134 58
141 58
146 58
105 59
119 59
123 59
146 59
147 59
167 59
168 59
20 60
77 60
104 60
119 60
121 60
156 60
164 60
176 60
197 60
5 61
8 61
21 61
56 61
169 61
170 61
172 61
23 62
61 62
96 62
128 62
129 62
132 62
170 62
31 63
44 63
46 63
93 63
157 63
173 63
30 64
38 64
101 64
102 64
104 64
128 64
132 64
146 64
168 64
173 64
21 65
22 65
30 65
32 65
96 65
128 65
132 65
147 65
171 65
188 65
21 66
23 66
32 66
41 66
93 66
13 67
15 67
53 67
97 67
119 67
126 67
13 68
17 68
92 68
93 68
106 68
120 68
144 68
146 68
147 68
154 68
13 69
42 69
44 69
54 69
56 69
83 69
98 69
116 69
154 69
177 69
180 69
38 70
45 70
71 70
116 70
128 70
156 70
13 71
88 71
106 71
177 71
18 72
27 72
29 72
30 72
85 72
88 72
105 72
106 72
169 72
5 73
35 73
81 73
107 73
139 73
141 73
168 73
171 73
187 73
15 74
16 74
111 74
161 74
171 74
34 75
37 75
40 75
51 75
53 75
57 75
67 75
68 75
139 75
146 75
159 75
165 75
16 76
30 76
42 76
50 76
71 76
124 76
148 76
190 76
5 77
82 77
84 77
111 77
139 77
141 77
159 77
163 77
176 77
186 77
187 77
188 77
28 78
125 78
147 78
150 78
165 78
174 78
176 78
179 78
13 79
17 79
15 80
24 80
76 80
115 80
123 80
139 80
141 80
142 80
25 81
26 81
93 81
114 81
181 81
189 81
194 81
41 82
76 82
78 82
114 82
115 82
117 82
118 82
161 82
166 82
181 82
189 82
190 82
191 82
27 83
94 83
141 83
152 83
155 83
175 83
12 84
115 84
117 84
122 84
123 84
152 84
166 84
21 85
41 85
42 85
97 85
152 85
7 86
12 86
27 86
43 86
50 86
71 86
72 86
108 86
110 86
116 86
117 86
163 86
166 86
11 87
12 87
23 87
25 87
33 87
41 87
69 87
81 87
84 87
110 87
164 87
169 87
12 88
30 88
40 88
42 88
69 88
70 88
74 88
75 88
101 88
104 88
110 88
124 88
153 88
154 88
170 88
185 88
192 88
30 89
31 89
33 89
42 89
53 89
60 89
98 89
100 89
115 89
118 89
142 89
152 89
11 90
30 90
33 90
42 90
49 90
50 90
69 90
74 90
84 90
91 90
104 90
124 90
136 90
138 90
147 90
185 90
2 91
40 91
42 91
69 91
75 91
91 91
137 91
149 91
169 91
4 92
69 92
74 92
99 92
177 92
185 92
186 92
12 93
15 93
62 93
75 93
76 93
88 93
91 93
93 93
115 93
118 93
150 93
152 93
180 93
195 93
1 94
33 94
41 94
42 94
114 94
118 94
140 94
141 94
143 94
152 94
193 94
196 94
2 95
29 95
88 95
116 95
149 95
179 95
180 95
182 95
193 95
195 95
43 96
61 96
75 96
77 96
78 96
88 96
141 96
142 96
160 96
175 96
182 96
33 97
44 97
61 97
63 97
64 97
78 97
84 97
85 97
98 97
99 97
177 97
31 98
42 98
95 98
126 98
136 98
5 99
86 99
97 99
6 100
19 100
20 100
22 100
52 100
75 100
105 100
133 100
136 100
137 100
166 100
168 100
187 100
190 100
78 101
102 101
103 101
109 101
132 101
156 101
175 101
176 101
177 101
179 101
180 101
183 101
186 101
5 102
15 102
16 102
22 102
55 102
74 102
77 102
90 102
132 102
134 102
146 102
159 102
167 102
189 102
22 103
55 103
67 103
134 103
146 103
190 103
5 104
13 104
15 104
19 104
31 104
52 104
54 104
118 104
167 104
168 104
169 104
176 104
32 105
49 105
65 105
71 105
132 105
135 105
137 105
155 105
160 105
178 105
190 105
12 106
13 106
67 106
68 106
118 106
147 106
158 106
175 106
187 106
49 107
75 107
118 107
122 107
13 108
33 108
34 108
36 108
49 108
57 108
87 108
100 108
103 108
118 108
158 108
169 108
170 108
171 108
183 108
45 109
91 109
97 109
102 109
123 109
158 109
169 109
180 109
9 110
33 110
46 110
49 110
57 110
86 110
93 110
102 110
110 110
127 110
135 110
136 110
162 110
163 110
171 110
88 111
93 111
102 111
136 111
42 112
44 112
86 112
87 112
99 112
108 112
127 112
38 113
40 113
52 113
110 113
122 113
131 113
133 113
136 113
138 113
7 114
30 114
31 114
44 114
65 114
69 114
87 114
138 114
149 114
150 114
189 114
195 114
16 115
17 115
20 115
26 115
42 115
55 115
161 115
188 115
25 116
26 116
30 116
38 116
43 116
52 116
55 116
65 116
188 116
6 117
8 117
20 117
29 117
31 117
145 117
179 117
182 117
190 117
16 118
24 118
52 118
55 118
68 118
107 118
148 118
178 118
189 118
8 119
25 119
28 119
30 119
45 119
65 119
66 119
67 119
70 119
76 119
91 119
145 119
147 119
176 119
177 119
178 119
181 119
54 120
64 120
75 120
79 120
90 120
93 120
138 120
145 120
7 121
8 121
26 121
27 121
31 121
127 121
136 121
171 121
4 122
8 122
42 122
43 122
44 122
47 122
76 122
106 122
107 122
122 122
181 122
183 122
20 123
43 123
86 123
87 123
91 123
92 123
105 123
137 123
138 123
145 123
160 123
169 123
39 124
41 124
50 124
54 124
88 124
92 124
93 124
123 124
160 124
177 124
179 124
20 125
24 125
38 125
43 125
71 125
78 125
120 125
127 125
24 126
28 126
31 126
34 126
50 126
136 126
190 126
194 126
34 127
54 127
59 127
63 127
74 127
81 127
104 127
107 127
189 127
191 127
12 128
24 128
41 128
72 128
78 128
136 128
158 128
160 128
162 128
9 129
26 129
92 129
162 129
189 129
60 130
94 130
98 130
100 130
102 130
103 130
104 130
136 130
148 130
161 130
178 130
190 130
194 130
12 131
68 131
70 131
72 131
73 131
92 131
94 131
98 131
11 132
14 132
73 132
75 132
91 132
98 132
145 132
166 132
167 132
170 132
175 132
178 132
16 133
93 133
98 133
102 133
145 133
151 133
153 133
158 133
166 133
13 134
14 134
15 134
26 134
29 134
42 134
57 134
101 134
103 134
109 134
110 134
146 134
177 134
178 134
24 135
27 135
